[DEBUG] 2024-02-02 12:48:06.414 [main] InternalLoggerFactory - Using Log4J2 as the default logging framework
[DEBUG] 2024-02-02 12:48:06.428 [main] ResourceLeakDetector - -Dio.netty.leakDetection.level: simple
[DEBUG] 2024-02-02 12:48:06.429 [main] ResourceLeakDetector - -Dio.netty.leakDetection.targetRecords: 4
[DEBUG] 2024-02-02 12:48:06.438 [main] ResourceLeakDetectorFactory - Loaded default ResourceLeakDetector: io.netty.util.ResourceLeakDetector@4a325eb9
[DEBUG] 2024-02-02 12:48:06.474 [main] PlatformDependent0 - -Dio.netty.noUnsafe: false
[DEBUG] 2024-02-02 12:48:06.475 [main] PlatformDependent0 - Java version: 17
[DEBUG] 2024-02-02 12:48:06.477 [main] PlatformDependent0 - sun.misc.Unsafe.theUnsafe: available
[DEBUG] 2024-02-02 12:48:06.479 [main] PlatformDependent0 - sun.misc.Unsafe.copyMemory: available
[DEBUG] 2024-02-02 12:48:06.480 [main] PlatformDependent0 - sun.misc.Unsafe.storeFence: available
[DEBUG] 2024-02-02 12:48:06.480 [main] PlatformDependent0 - java.nio.Buffer.address: available
[DEBUG] 2024-02-02 12:48:06.482 [main] PlatformDependent0 - direct buffer constructor: unavailable
java.lang.UnsupportedOperationException: Reflective setAccessible(true) disabled
	at io.netty.util.internal.ReflectionUtil.trySetAccessible(ReflectionUtil.java:31) ~[netty-common-4.1.92.Final.jar:4.1.92.Final]
	at io.netty.util.internal.PlatformDependent0$5.run(PlatformDependent0.java:288) ~[netty-common-4.1.92.Final.jar:4.1.92.Final]
	at java.security.AccessController.doPrivileged(AccessController.java:318) ~[?:?]
	at io.netty.util.internal.PlatformDependent0.<clinit>(PlatformDependent0.java:282) ~[netty-common-4.1.92.Final.jar:4.1.92.Final]
	at io.netty.util.internal.PlatformDependent.isAndroid(PlatformDependent.java:333) ~[netty-common-4.1.92.Final.jar:4.1.92.Final]
	at io.netty.util.internal.PlatformDependent.<clinit>(PlatformDependent.java:88) ~[netty-common-4.1.92.Final.jar:4.1.92.Final]
	at io.netty.util.HashedWheelTimer.<init>(HashedWheelTimer.java:114) ~[netty-common-4.1.92.Final.jar:4.1.92.Final]
	at io.netty.util.HashedWheelTimer.<init>(HashedWheelTimer.java:251) ~[netty-common-4.1.92.Final.jar:4.1.92.Final]
	at io.netty.util.HashedWheelTimer.<init>(HashedWheelTimer.java:224) ~[netty-common-4.1.92.Final.jar:4.1.92.Final]
	at io.netty.util.HashedWheelTimer.<init>(HashedWheelTimer.java:203) ~[netty-common-4.1.92.Final.jar:4.1.92.Final]
	at org.asynchttpclient.DefaultAsyncHttpClient.newNettyTimer(DefaultAsyncHttpClient.java:111) ~[async-http-client-2.12.3.jar:?]
	at org.asynchttpclient.DefaultAsyncHttpClient.<init>(DefaultAsyncHttpClient.java:90) ~[async-http-client-2.12.3.jar:?]
	at org.asynchttpclient.Dsl.asyncHttpClient(Dsl.java:32) ~[async-http-client-2.12.3.jar:?]
	at org.openqa.selenium.remote.http.netty.NettyClient.createHttpClient(NettyClient.java:91) ~[selenium-remote-driver-4.11.0.jar:?]
	at org.openqa.selenium.remote.http.netty.NettyClient.<clinit>(NettyClient.java:43) ~[selenium-remote-driver-4.11.0.jar:?]
	at org.openqa.selenium.remote.http.netty.NettyClient$Factory.createClient(NettyClient.java:124) ~[selenium-remote-driver-4.11.0.jar:?]
	at org.openqa.selenium.remote.HttpCommandExecutor.<init>(HttpCommandExecutor.java:115) ~[selenium-remote-driver-4.11.0.jar:?]
	at org.openqa.selenium.remote.HttpCommandExecutor.<init>(HttpCommandExecutor.java:92) ~[selenium-remote-driver-4.11.0.jar:?]
	at org.openqa.selenium.remote.service.DriverCommandExecutor.<init>(DriverCommandExecutor.java:89) ~[selenium-remote-driver-4.11.0.jar:?]
	at org.openqa.selenium.chromium.ChromiumDriverCommandExecutor.<init>(ChromiumDriverCommandExecutor.java:43) ~[selenium-chromium-driver-4.11.0.jar:?]
	at org.openqa.selenium.chrome.ChromeDriver$ChromeDriverCommandExecutor.<init>(ChromeDriver.java:115) ~[selenium-chrome-driver-4.11.0.jar:?]
	at org.openqa.selenium.chrome.ChromeDriver.generateExecutor(ChromeDriver.java:105) ~[selenium-chrome-driver-4.11.0.jar:?]
	at org.openqa.selenium.chrome.ChromeDriver.<init>(ChromeDriver.java:88) ~[selenium-chrome-driver-4.11.0.jar:?]
	at org.openqa.selenium.chrome.ChromeDriver.<init>(ChromeDriver.java:83) ~[selenium-chrome-driver-4.11.0.jar:?]
	at org.openqa.selenium.chrome.ChromeDriver.<init>(ChromeDriver.java:51) ~[selenium-chrome-driver-4.11.0.jar:?]
	at com.obs.base.BasePage.launch(BasePage.java:61) ~[classes/:?]
	at jdk.internal.reflect.NativeMethodAccessorImpl.invoke0(Native Method) ~[?:?]
	at jdk.internal.reflect.NativeMethodAccessorImpl.invoke(NativeMethodAccessorImpl.java:77) ~[?:?]
	at jdk.internal.reflect.DelegatingMethodAccessorImpl.invoke(DelegatingMethodAccessorImpl.java:43) ~[?:?]
	at java.lang.reflect.Method.invoke(Method.java:568) ~[?:?]
	at org.testng.internal.invokers.MethodInvocationHelper.invokeMethod(MethodInvocationHelper.java:139) ~[org.testng_7.8.0.r202306071539.jar:7.8.0]
	at org.testng.internal.invokers.MethodInvocationHelper.invokeMethodConsideringTimeout(MethodInvocationHelper.java:69) ~[org.testng_7.8.0.r202306071539.jar:7.8.0]
	at org.testng.internal.invokers.ConfigInvoker.invokeConfigurationMethod(ConfigInvoker.java:390) ~[org.testng_7.8.0.r202306071539.jar:7.8.0]
	at org.testng.internal.invokers.ConfigInvoker.invokeConfigurations(ConfigInvoker.java:325) ~[org.testng_7.8.0.r202306071539.jar:7.8.0]
	at org.testng.internal.invokers.TestInvoker.runConfigMethods(TestInvoker.java:810) ~[org.testng_7.8.0.r202306071539.jar:7.8.0]
	at org.testng.internal.invokers.TestInvoker.invokeMethod(TestInvoker.java:577) ~[org.testng_7.8.0.r202306071539.jar:7.8.0]
	at org.testng.internal.invokers.TestInvoker.invokeTestMethod(TestInvoker.java:227) ~[org.testng_7.8.0.r202306071539.jar:7.8.0]
	at org.testng.internal.invokers.MethodRunner.runInSequence(MethodRunner.java:50) ~[org.testng_7.8.0.r202306071539.jar:7.8.0]
	at org.testng.internal.invokers.TestInvoker$MethodInvocationAgent.invoke(TestInvoker.java:957) ~[org.testng_7.8.0.r202306071539.jar:7.8.0]
	at org.testng.internal.invokers.TestInvoker.invokeTestMethods(TestInvoker.java:200) ~[org.testng_7.8.0.r202306071539.jar:7.8.0]
	at org.testng.internal.invokers.TestMethodWorker.invokeTestMethods(TestMethodWorker.java:148) ~[org.testng_7.8.0.r202306071539.jar:7.8.0]
	at org.testng.internal.invokers.TestMethodWorker.run(TestMethodWorker.java:128) ~[org.testng_7.8.0.r202306071539.jar:7.8.0]
	at java.util.ArrayList.forEach(ArrayList.java:1511) ~[?:?]
	at org.testng.TestRunner.privateRun(TestRunner.java:848) ~[org.testng_7.8.0.r202306071539.jar:7.8.0]
	at org.testng.TestRunner.run(TestRunner.java:621) ~[org.testng_7.8.0.r202306071539.jar:7.8.0]
	at org.testng.SuiteRunner.runTest(SuiteRunner.java:443) ~[org.testng_7.8.0.r202306071539.jar:7.8.0]
	at org.testng.SuiteRunner.runSequentially(SuiteRunner.java:437) ~[org.testng_7.8.0.r202306071539.jar:7.8.0]
	at org.testng.SuiteRunner.privateRun(SuiteRunner.java:397) ~[org.testng_7.8.0.r202306071539.jar:7.8.0]
	at org.testng.SuiteRunner.run(SuiteRunner.java:336) ~[org.testng_7.8.0.r202306071539.jar:7.8.0]
	at org.testng.SuiteRunnerWorker.runSuite(SuiteRunnerWorker.java:52) ~[org.testng_7.8.0.r202306071539.jar:7.8.0]
	at org.testng.SuiteRunnerWorker.run(SuiteRunnerWorker.java:95) ~[org.testng_7.8.0.r202306071539.jar:7.8.0]
	at org.testng.TestNG.runSuitesSequentially(TestNG.java:1280) ~[org.testng_7.8.0.r202306071539.jar:7.8.0]
	at org.testng.TestNG.runSuitesLocally(TestNG.java:1200) ~[org.testng_7.8.0.r202306071539.jar:7.8.0]
	at org.testng.TestNG.runSuites(TestNG.java:1114) ~[org.testng_7.8.0.r202306071539.jar:7.8.0]
	at org.testng.TestNG.run(TestNG.java:1082) ~[org.testng_7.8.0.r202306071539.jar:7.8.0]
	at org.testng.remote.AbstractRemoteTestNG.run(AbstractRemoteTestNG.java:115) ~[testng-remote.jar:?]
	at org.testng.remote.RemoteTestNG.initAndRun(RemoteTestNG.java:251) ~[testng-remote.jar:?]
	at org.testng.remote.RemoteTestNG.main(RemoteTestNG.java:77) ~[testng-remote.jar:?]
[DEBUG] 2024-02-02 12:48:06.498 [main] PlatformDependent0 - java.nio.Bits.unaligned: available, true
[DEBUG] 2024-02-02 12:48:06.500 [main] PlatformDependent0 - jdk.internal.misc.Unsafe.allocateUninitializedArray(int): unavailable
java.lang.IllegalAccessException: class io.netty.util.internal.PlatformDependent0$7 cannot access class jdk.internal.misc.Unsafe (in module java.base) because module java.base does not export jdk.internal.misc to unnamed module @6477463f
	at jdk.internal.reflect.Reflection.newIllegalAccessException(Reflection.java:392) ~[?:?]
	at java.lang.reflect.AccessibleObject.checkAccess(AccessibleObject.java:674) ~[?:?]
	at java.lang.reflect.Method.invoke(Method.java:560) ~[?:?]
	at io.netty.util.internal.PlatformDependent0$7.run(PlatformDependent0.java:410) ~[netty-common-4.1.92.Final.jar:4.1.92.Final]
	at java.security.AccessController.doPrivileged(AccessController.java:318) ~[?:?]
	at io.netty.util.internal.PlatformDependent0.<clinit>(PlatformDependent0.java:401) ~[netty-common-4.1.92.Final.jar:4.1.92.Final]
	at io.netty.util.internal.PlatformDependent.isAndroid(PlatformDependent.java:333) ~[netty-common-4.1.92.Final.jar:4.1.92.Final]
	at io.netty.util.internal.PlatformDependent.<clinit>(PlatformDependent.java:88) ~[netty-common-4.1.92.Final.jar:4.1.92.Final]
	at io.netty.util.HashedWheelTimer.<init>(HashedWheelTimer.java:114) ~[netty-common-4.1.92.Final.jar:4.1.92.Final]
	at io.netty.util.HashedWheelTimer.<init>(HashedWheelTimer.java:251) ~[netty-common-4.1.92.Final.jar:4.1.92.Final]
	at io.netty.util.HashedWheelTimer.<init>(HashedWheelTimer.java:224) ~[netty-common-4.1.92.Final.jar:4.1.92.Final]
	at io.netty.util.HashedWheelTimer.<init>(HashedWheelTimer.java:203) ~[netty-common-4.1.92.Final.jar:4.1.92.Final]
	at org.asynchttpclient.DefaultAsyncHttpClient.newNettyTimer(DefaultAsyncHttpClient.java:111) ~[async-http-client-2.12.3.jar:?]
	at org.asynchttpclient.DefaultAsyncHttpClient.<init>(DefaultAsyncHttpClient.java:90) ~[async-http-client-2.12.3.jar:?]
	at org.asynchttpclient.Dsl.asyncHttpClient(Dsl.java:32) ~[async-http-client-2.12.3.jar:?]
	at org.openqa.selenium.remote.http.netty.NettyClient.createHttpClient(NettyClient.java:91) ~[selenium-remote-driver-4.11.0.jar:?]
	at org.openqa.selenium.remote.http.netty.NettyClient.<clinit>(NettyClient.java:43) ~[selenium-remote-driver-4.11.0.jar:?]
	at org.openqa.selenium.remote.http.netty.NettyClient$Factory.createClient(NettyClient.java:124) ~[selenium-remote-driver-4.11.0.jar:?]
	at org.openqa.selenium.remote.HttpCommandExecutor.<init>(HttpCommandExecutor.java:115) ~[selenium-remote-driver-4.11.0.jar:?]
	at org.openqa.selenium.remote.HttpCommandExecutor.<init>(HttpCommandExecutor.java:92) ~[selenium-remote-driver-4.11.0.jar:?]
	at org.openqa.selenium.remote.service.DriverCommandExecutor.<init>(DriverCommandExecutor.java:89) ~[selenium-remote-driver-4.11.0.jar:?]
	at org.openqa.selenium.chromium.ChromiumDriverCommandExecutor.<init>(ChromiumDriverCommandExecutor.java:43) ~[selenium-chromium-driver-4.11.0.jar:?]
	at org.openqa.selenium.chrome.ChromeDriver$ChromeDriverCommandExecutor.<init>(ChromeDriver.java:115) ~[selenium-chrome-driver-4.11.0.jar:?]
	at org.openqa.selenium.chrome.ChromeDriver.generateExecutor(ChromeDriver.java:105) ~[selenium-chrome-driver-4.11.0.jar:?]
	at org.openqa.selenium.chrome.ChromeDriver.<init>(ChromeDriver.java:88) ~[selenium-chrome-driver-4.11.0.jar:?]
	at org.openqa.selenium.chrome.ChromeDriver.<init>(ChromeDriver.java:83) ~[selenium-chrome-driver-4.11.0.jar:?]
	at org.openqa.selenium.chrome.ChromeDriver.<init>(ChromeDriver.java:51) ~[selenium-chrome-driver-4.11.0.jar:?]
	at com.obs.base.BasePage.launch(BasePage.java:61) ~[classes/:?]
	at jdk.internal.reflect.NativeMethodAccessorImpl.invoke0(Native Method) ~[?:?]
	at jdk.internal.reflect.NativeMethodAccessorImpl.invoke(NativeMethodAccessorImpl.java:77) ~[?:?]
	at jdk.internal.reflect.DelegatingMethodAccessorImpl.invoke(DelegatingMethodAccessorImpl.java:43) ~[?:?]
	at java.lang.reflect.Method.invoke(Method.java:568) ~[?:?]
	at org.testng.internal.invokers.MethodInvocationHelper.invokeMethod(MethodInvocationHelper.java:139) ~[org.testng_7.8.0.r202306071539.jar:7.8.0]
	at org.testng.internal.invokers.MethodInvocationHelper.invokeMethodConsideringTimeout(MethodInvocationHelper.java:69) ~[org.testng_7.8.0.r202306071539.jar:7.8.0]
	at org.testng.internal.invokers.ConfigInvoker.invokeConfigurationMethod(ConfigInvoker.java:390) ~[org.testng_7.8.0.r202306071539.jar:7.8.0]
	at org.testng.internal.invokers.ConfigInvoker.invokeConfigurations(ConfigInvoker.java:325) ~[org.testng_7.8.0.r202306071539.jar:7.8.0]
	at org.testng.internal.invokers.TestInvoker.runConfigMethods(TestInvoker.java:810) ~[org.testng_7.8.0.r202306071539.jar:7.8.0]
	at org.testng.internal.invokers.TestInvoker.invokeMethod(TestInvoker.java:577) ~[org.testng_7.8.0.r202306071539.jar:7.8.0]
	at org.testng.internal.invokers.TestInvoker.invokeTestMethod(TestInvoker.java:227) ~[org.testng_7.8.0.r202306071539.jar:7.8.0]
	at org.testng.internal.invokers.MethodRunner.runInSequence(MethodRunner.java:50) ~[org.testng_7.8.0.r202306071539.jar:7.8.0]
	at org.testng.internal.invokers.TestInvoker$MethodInvocationAgent.invoke(TestInvoker.java:957) ~[org.testng_7.8.0.r202306071539.jar:7.8.0]
	at org.testng.internal.invokers.TestInvoker.invokeTestMethods(TestInvoker.java:200) ~[org.testng_7.8.0.r202306071539.jar:7.8.0]
	at org.testng.internal.invokers.TestMethodWorker.invokeTestMethods(TestMethodWorker.java:148) ~[org.testng_7.8.0.r202306071539.jar:7.8.0]
	at org.testng.internal.invokers.TestMethodWorker.run(TestMethodWorker.java:128) ~[org.testng_7.8.0.r202306071539.jar:7.8.0]
	at java.util.ArrayList.forEach(ArrayList.java:1511) ~[?:?]
	at org.testng.TestRunner.privateRun(TestRunner.java:848) ~[org.testng_7.8.0.r202306071539.jar:7.8.0]
	at org.testng.TestRunner.run(TestRunner.java:621) ~[org.testng_7.8.0.r202306071539.jar:7.8.0]
	at org.testng.SuiteRunner.runTest(SuiteRunner.java:443) ~[org.testng_7.8.0.r202306071539.jar:7.8.0]
	at org.testng.SuiteRunner.runSequentially(SuiteRunner.java:437) ~[org.testng_7.8.0.r202306071539.jar:7.8.0]
	at org.testng.SuiteRunner.privateRun(SuiteRunner.java:397) ~[org.testng_7.8.0.r202306071539.jar:7.8.0]
	at org.testng.SuiteRunner.run(SuiteRunner.java:336) ~[org.testng_7.8.0.r202306071539.jar:7.8.0]
	at org.testng.SuiteRunnerWorker.runSuite(SuiteRunnerWorker.java:52) ~[org.testng_7.8.0.r202306071539.jar:7.8.0]
	at org.testng.SuiteRunnerWorker.run(SuiteRunnerWorker.java:95) ~[org.testng_7.8.0.r202306071539.jar:7.8.0]
	at org.testng.TestNG.runSuitesSequentially(TestNG.java:1280) ~[org.testng_7.8.0.r202306071539.jar:7.8.0]
	at org.testng.TestNG.runSuitesLocally(TestNG.java:1200) ~[org.testng_7.8.0.r202306071539.jar:7.8.0]
	at org.testng.TestNG.runSuites(TestNG.java:1114) ~[org.testng_7.8.0.r202306071539.jar:7.8.0]
	at org.testng.TestNG.run(TestNG.java:1082) ~[org.testng_7.8.0.r202306071539.jar:7.8.0]
	at org.testng.remote.AbstractRemoteTestNG.run(AbstractRemoteTestNG.java:115) ~[testng-remote.jar:?]
	at org.testng.remote.RemoteTestNG.initAndRun(RemoteTestNG.java:251) ~[testng-remote.jar:?]
	at org.testng.remote.RemoteTestNG.main(RemoteTestNG.java:77) ~[testng-remote.jar:?]
[DEBUG] 2024-02-02 12:48:06.506 [main] PlatformDependent0 - java.nio.DirectByteBuffer.<init>(long, int): unavailable
[DEBUG] 2024-02-02 12:48:06.507 [main] PlatformDependent - sun.misc.Unsafe: available
[DEBUG] 2024-02-02 12:48:06.509 [main] PlatformDependent - maxDirectMemory: 2080374784 bytes (maybe)
[DEBUG] 2024-02-02 12:48:06.510 [main] PlatformDependent - -Dio.netty.tmpdir: C:\Users\ADMIN\AppData\Local\Temp (java.io.tmpdir)
[DEBUG] 2024-02-02 12:48:06.511 [main] PlatformDependent - -Dio.netty.bitMode: 64 (sun.arch.data.model)
[DEBUG] 2024-02-02 12:48:06.511 [main] PlatformDependent - Platform: Windows
[DEBUG] 2024-02-02 12:48:06.513 [main] PlatformDependent - -Dio.netty.maxDirectMemory: -1 bytes
[DEBUG] 2024-02-02 12:48:06.513 [main] PlatformDependent - -Dio.netty.uninitializedArrayAllocationThreshold: -1
[DEBUG] 2024-02-02 12:48:06.516 [main] CleanerJava9 - java.nio.ByteBuffer.cleaner(): available
[DEBUG] 2024-02-02 12:48:06.516 [main] PlatformDependent - -Dio.netty.noPreferDirect: false
[DEBUG] 2024-02-02 12:48:06.533 [main] PlatformDependent - org.jctools-core.MpscChunkedArrayQueue: available
[DEBUG] 2024-02-02 12:48:06.570 [main] InternalThreadLocalMap - -Dio.netty.threadLocalMap.stringBuilder.initialSize: 1024
[DEBUG] 2024-02-02 12:48:06.570 [main] InternalThreadLocalMap - -Dio.netty.threadLocalMap.stringBuilder.maxSize: 4096
[DEBUG] 2024-02-02 12:48:06.844 [main] JdkSslContext - Default protocols (JDK): [TLSv1.3, TLSv1.2] 
[DEBUG] 2024-02-02 12:48:06.845 [main] JdkSslContext - Default cipher suites (JDK): [TLS_ECDHE_ECDSA_WITH_AES_256_GCM_SHA384, TLS_ECDHE_ECDSA_WITH_AES_128_GCM_SHA256, TLS_ECDHE_RSA_WITH_AES_128_GCM_SHA256, TLS_ECDHE_RSA_WITH_AES_256_GCM_SHA384, TLS_ECDHE_RSA_WITH_AES_128_CBC_SHA, TLS_ECDHE_RSA_WITH_AES_256_CBC_SHA, TLS_RSA_WITH_AES_128_GCM_SHA256, TLS_RSA_WITH_AES_128_CBC_SHA, TLS_RSA_WITH_AES_256_CBC_SHA, TLS_AES_128_GCM_SHA256, TLS_AES_256_GCM_SHA384]
[DEBUG] 2024-02-02 12:48:06.867 [main] GlobalEventExecutor - -Dio.netty.globalEventExecutor.quietPeriodSeconds: 1
[DEBUG] 2024-02-02 12:48:06.893 [main] MultithreadEventLoopGroup - -Dio.netty.eventLoopThreads: 8
[DEBUG] 2024-02-02 12:48:06.916 [main] NioEventLoop - -Dio.netty.noKeySetOptimization: false
[DEBUG] 2024-02-02 12:48:06.917 [main] NioEventLoop - -Dio.netty.selectorAutoRebuildThreshold: 512
[TRACE] 2024-02-02 12:48:06.945 [main] NioEventLoop - instrumented a special java.util.Set into: sun.nio.ch.WEPollSelectorImpl@53e3a87a
[TRACE] 2024-02-02 12:48:06.948 [main] NioEventLoop - instrumented a special java.util.Set into: sun.nio.ch.WEPollSelectorImpl@74ad8d05
[TRACE] 2024-02-02 12:48:06.951 [main] NioEventLoop - instrumented a special java.util.Set into: sun.nio.ch.WEPollSelectorImpl@676ff3b0
[TRACE] 2024-02-02 12:48:06.954 [main] NioEventLoop - instrumented a special java.util.Set into: sun.nio.ch.WEPollSelectorImpl@35ff8fc9
[TRACE] 2024-02-02 12:48:06.957 [main] NioEventLoop - instrumented a special java.util.Set into: sun.nio.ch.WEPollSelectorImpl@5fb7183b
[TRACE] 2024-02-02 12:48:06.960 [main] NioEventLoop - instrumented a special java.util.Set into: sun.nio.ch.WEPollSelectorImpl@476a736d
[TRACE] 2024-02-02 12:48:06.963 [main] NioEventLoop - instrumented a special java.util.Set into: sun.nio.ch.WEPollSelectorImpl@5f80fa43
[TRACE] 2024-02-02 12:48:06.966 [main] NioEventLoop - instrumented a special java.util.Set into: sun.nio.ch.WEPollSelectorImpl@16c8b7bd
[DEBUG] 2024-02-02 12:48:07.000 [main] PooledByteBufAllocator - -Dio.netty.allocator.numHeapArenas: 8
[DEBUG] 2024-02-02 12:48:07.001 [main] PooledByteBufAllocator - -Dio.netty.allocator.numDirectArenas: 8
[DEBUG] 2024-02-02 12:48:07.001 [main] PooledByteBufAllocator - -Dio.netty.allocator.pageSize: 8192
[DEBUG] 2024-02-02 12:48:07.002 [main] PooledByteBufAllocator - -Dio.netty.allocator.maxOrder: 9
[DEBUG] 2024-02-02 12:48:07.002 [main] PooledByteBufAllocator - -Dio.netty.allocator.chunkSize: 4194304
[DEBUG] 2024-02-02 12:48:07.002 [main] PooledByteBufAllocator - -Dio.netty.allocator.smallCacheSize: 256
[DEBUG] 2024-02-02 12:48:07.002 [main] PooledByteBufAllocator - -Dio.netty.allocator.normalCacheSize: 64
[DEBUG] 2024-02-02 12:48:07.003 [main] PooledByteBufAllocator - -Dio.netty.allocator.maxCachedBufferCapacity: 32768
[DEBUG] 2024-02-02 12:48:07.003 [main] PooledByteBufAllocator - -Dio.netty.allocator.cacheTrimInterval: 8192
[DEBUG] 2024-02-02 12:48:07.003 [main] PooledByteBufAllocator - -Dio.netty.allocator.cacheTrimIntervalMillis: 0
[DEBUG] 2024-02-02 12:48:07.003 [main] PooledByteBufAllocator - -Dio.netty.allocator.useCacheForAllThreads: false
[DEBUG] 2024-02-02 12:48:07.004 [main] PooledByteBufAllocator - -Dio.netty.allocator.maxCachedByteBuffersPerChunk: 1023
[DEBUG] 2024-02-02 12:48:07.030 [main] ByteBufUtil - -Dio.netty.allocator.type: pooled
[DEBUG] 2024-02-02 12:48:07.031 [main] ByteBufUtil - -Dio.netty.threadLocalDirectBufferSize: 0
[DEBUG] 2024-02-02 12:48:07.031 [main] ByteBufUtil - -Dio.netty.maxThreadLocalCharBufferSize: 16384
[DEBUG] 2024-02-02 12:48:07.979 [Forwarding newSession on session null to remote] DefaultChannelId - -Dio.netty.processId: 1072 (auto-detected)
[DEBUG] 2024-02-02 12:48:07.983 [Forwarding newSession on session null to remote] NetUtil - -Djava.net.preferIPv4Stack: false
[DEBUG] 2024-02-02 12:48:07.985 [Forwarding newSession on session null to remote] NetUtil - -Djava.net.preferIPv6Addresses: false
[DEBUG] 2024-02-02 12:48:07.997 [Forwarding newSession on session null to remote] NetUtilInitializations - Loopback interface: lo (Software Loopback Interface 1, 127.0.0.1)
[DEBUG] 2024-02-02 12:48:07.999 [Forwarding newSession on session null to remote] NetUtil - Failed to get SOMAXCONN from sysctl and file \proc\sys\net\core\somaxconn. Default: 200
[DEBUG] 2024-02-02 12:48:08.026 [Forwarding newSession on session null to remote] DefaultChannelId - -Dio.netty.machineId: c4:75:ab:ff:fe:6d:06:28 (auto-detected)
[DEBUG] 2024-02-02 12:48:08.112 [AsyncHttpClient-1-2] AbstractByteBuf - -Dio.netty.buffer.checkAccessible: true
[DEBUG] 2024-02-02 12:48:08.113 [AsyncHttpClient-1-2] AbstractByteBuf - -Dio.netty.buffer.checkBounds: true
[DEBUG] 2024-02-02 12:48:08.115 [AsyncHttpClient-1-2] ResourceLeakDetectorFactory - Loaded default ResourceLeakDetector: io.netty.util.ResourceLeakDetector@25a0644e
[DEBUG] 2024-02-02 12:48:08.162 [AsyncHttpClient-1-2] Recycler - -Dio.netty.recycler.maxCapacityPerThread: 4096
[DEBUG] 2024-02-02 12:48:08.162 [AsyncHttpClient-1-2] Recycler - -Dio.netty.recycler.ratio: 8
[DEBUG] 2024-02-02 12:48:08.162 [AsyncHttpClient-1-2] Recycler - -Dio.netty.recycler.chunkSize: 32
[DEBUG] 2024-02-02 12:48:08.162 [AsyncHttpClient-1-2] Recycler - -Dio.netty.recycler.blocking: false
[DEBUG] 2024-02-02 12:48:08.162 [AsyncHttpClient-1-2] Recycler - -Dio.netty.recycler.batchFastThreadLocalOnly: true
[DEBUG] 2024-02-02 12:48:09.014 [AsyncHttpClient-1-2] Brotli - brotli4j not in the classpath; Brotli support will be unavailable.
[DEBUG] 2024-02-02 12:48:09.248 [main] ThreadLocalRandom - -Dio.netty.initialSeedUniquifier: 0x28675c43ac2bf961
[TRACE] 2024-02-02 12:48:09.558 [AsyncHttpClient-1-4] WebSocket08FrameEncoder - Encoding WebSocket Frame opCode=8 length=26
[TRACE] 2024-02-02 12:48:09.564 [AsyncHttpClient-1-4] WebSocket08FrameDecoder - Decoding WebSocket Frame opCode=8
[TRACE] 2024-02-02 12:48:09.565 [AsyncHttpClient-1-4] WebSocket08FrameDecoder - Decoding WebSocket Frame length=2
[TRACE] 2024-02-02 12:48:11.311 [AsyncHttpClient-1-7] WebSocket08FrameEncoder - Encoding WebSocket Frame opCode=8 length=26
[TRACE] 2024-02-02 12:48:11.313 [AsyncHttpClient-1-7] WebSocket08FrameDecoder - Decoding WebSocket Frame opCode=8
[TRACE] 2024-02-02 12:48:11.314 [AsyncHttpClient-1-7] WebSocket08FrameDecoder - Decoding WebSocket Frame length=2
[TRACE] 2024-02-02 12:48:12.927 [AsyncHttpClient-1-2] WebSocket08FrameEncoder - Encoding WebSocket Frame opCode=8 length=26
[TRACE] 2024-02-02 12:48:12.928 [AsyncHttpClient-1-2] WebSocket08FrameDecoder - Decoding WebSocket Frame opCode=8
[TRACE] 2024-02-02 12:48:12.928 [AsyncHttpClient-1-2] WebSocket08FrameDecoder - Decoding WebSocket Frame length=2
[DEBUG] 2024-02-02 12:52:35.928 [main] InternalLoggerFactory - Using Log4J2 as the default logging framework
[DEBUG] 2024-02-02 12:52:35.937 [main] ResourceLeakDetector - -Dio.netty.leakDetection.level: simple
[DEBUG] 2024-02-02 12:52:35.937 [main] ResourceLeakDetector - -Dio.netty.leakDetection.targetRecords: 4
[DEBUG] 2024-02-02 12:52:35.945 [main] ResourceLeakDetectorFactory - Loaded default ResourceLeakDetector: io.netty.util.ResourceLeakDetector@57f64f5e
[DEBUG] 2024-02-02 12:52:35.965 [main] PlatformDependent0 - -Dio.netty.noUnsafe: false
[DEBUG] 2024-02-02 12:52:35.966 [main] PlatformDependent0 - Java version: 17
[DEBUG] 2024-02-02 12:52:35.968 [main] PlatformDependent0 - sun.misc.Unsafe.theUnsafe: available
[DEBUG] 2024-02-02 12:52:35.969 [main] PlatformDependent0 - sun.misc.Unsafe.copyMemory: available
[DEBUG] 2024-02-02 12:52:35.970 [main] PlatformDependent0 - sun.misc.Unsafe.storeFence: available
[DEBUG] 2024-02-02 12:52:35.971 [main] PlatformDependent0 - java.nio.Buffer.address: available
[DEBUG] 2024-02-02 12:52:35.974 [main] PlatformDependent0 - direct buffer constructor: unavailable
java.lang.UnsupportedOperationException: Reflective setAccessible(true) disabled
	at io.netty.util.internal.ReflectionUtil.trySetAccessible(ReflectionUtil.java:31) ~[netty-common-4.1.92.Final.jar:4.1.92.Final]
	at io.netty.util.internal.PlatformDependent0$5.run(PlatformDependent0.java:288) ~[netty-common-4.1.92.Final.jar:4.1.92.Final]
	at java.security.AccessController.doPrivileged(AccessController.java:318) ~[?:?]
	at io.netty.util.internal.PlatformDependent0.<clinit>(PlatformDependent0.java:282) ~[netty-common-4.1.92.Final.jar:4.1.92.Final]
	at io.netty.util.internal.PlatformDependent.isAndroid(PlatformDependent.java:333) ~[netty-common-4.1.92.Final.jar:4.1.92.Final]
	at io.netty.util.internal.PlatformDependent.<clinit>(PlatformDependent.java:88) ~[netty-common-4.1.92.Final.jar:4.1.92.Final]
	at io.netty.util.HashedWheelTimer.<init>(HashedWheelTimer.java:114) ~[netty-common-4.1.92.Final.jar:4.1.92.Final]
	at io.netty.util.HashedWheelTimer.<init>(HashedWheelTimer.java:251) ~[netty-common-4.1.92.Final.jar:4.1.92.Final]
	at io.netty.util.HashedWheelTimer.<init>(HashedWheelTimer.java:224) ~[netty-common-4.1.92.Final.jar:4.1.92.Final]
	at io.netty.util.HashedWheelTimer.<init>(HashedWheelTimer.java:203) ~[netty-common-4.1.92.Final.jar:4.1.92.Final]
	at org.asynchttpclient.DefaultAsyncHttpClient.newNettyTimer(DefaultAsyncHttpClient.java:111) ~[async-http-client-2.12.3.jar:?]
	at org.asynchttpclient.DefaultAsyncHttpClient.<init>(DefaultAsyncHttpClient.java:90) ~[async-http-client-2.12.3.jar:?]
	at org.asynchttpclient.Dsl.asyncHttpClient(Dsl.java:32) ~[async-http-client-2.12.3.jar:?]
	at org.openqa.selenium.remote.http.netty.NettyClient.createHttpClient(NettyClient.java:91) ~[selenium-remote-driver-4.11.0.jar:?]
	at org.openqa.selenium.remote.http.netty.NettyClient.<clinit>(NettyClient.java:43) ~[selenium-remote-driver-4.11.0.jar:?]
	at org.openqa.selenium.remote.http.netty.NettyClient$Factory.createClient(NettyClient.java:124) ~[selenium-remote-driver-4.11.0.jar:?]
	at org.openqa.selenium.remote.HttpCommandExecutor.<init>(HttpCommandExecutor.java:115) ~[selenium-remote-driver-4.11.0.jar:?]
	at org.openqa.selenium.remote.HttpCommandExecutor.<init>(HttpCommandExecutor.java:92) ~[selenium-remote-driver-4.11.0.jar:?]
	at org.openqa.selenium.remote.service.DriverCommandExecutor.<init>(DriverCommandExecutor.java:89) ~[selenium-remote-driver-4.11.0.jar:?]
	at org.openqa.selenium.chromium.ChromiumDriverCommandExecutor.<init>(ChromiumDriverCommandExecutor.java:43) ~[selenium-chromium-driver-4.11.0.jar:?]
	at org.openqa.selenium.chrome.ChromeDriver$ChromeDriverCommandExecutor.<init>(ChromeDriver.java:115) ~[selenium-chrome-driver-4.11.0.jar:?]
	at org.openqa.selenium.chrome.ChromeDriver.generateExecutor(ChromeDriver.java:105) ~[selenium-chrome-driver-4.11.0.jar:?]
	at org.openqa.selenium.chrome.ChromeDriver.<init>(ChromeDriver.java:88) ~[selenium-chrome-driver-4.11.0.jar:?]
	at org.openqa.selenium.chrome.ChromeDriver.<init>(ChromeDriver.java:83) ~[selenium-chrome-driver-4.11.0.jar:?]
	at org.openqa.selenium.chrome.ChromeDriver.<init>(ChromeDriver.java:51) ~[selenium-chrome-driver-4.11.0.jar:?]
	at com.obs.base.BasePage.launch(BasePage.java:61) ~[classes/:?]
	at jdk.internal.reflect.NativeMethodAccessorImpl.invoke0(Native Method) ~[?:?]
	at jdk.internal.reflect.NativeMethodAccessorImpl.invoke(NativeMethodAccessorImpl.java:77) ~[?:?]
	at jdk.internal.reflect.DelegatingMethodAccessorImpl.invoke(DelegatingMethodAccessorImpl.java:43) ~[?:?]
	at java.lang.reflect.Method.invoke(Method.java:568) ~[?:?]
	at org.testng.internal.invokers.MethodInvocationHelper.invokeMethod(MethodInvocationHelper.java:139) ~[org.testng_7.8.0.r202306071539.jar:7.8.0]
	at org.testng.internal.invokers.MethodInvocationHelper.invokeMethodConsideringTimeout(MethodInvocationHelper.java:69) ~[org.testng_7.8.0.r202306071539.jar:7.8.0]
	at org.testng.internal.invokers.ConfigInvoker.invokeConfigurationMethod(ConfigInvoker.java:390) ~[org.testng_7.8.0.r202306071539.jar:7.8.0]
	at org.testng.internal.invokers.ConfigInvoker.invokeConfigurations(ConfigInvoker.java:325) ~[org.testng_7.8.0.r202306071539.jar:7.8.0]
	at org.testng.internal.invokers.TestInvoker.runConfigMethods(TestInvoker.java:810) ~[org.testng_7.8.0.r202306071539.jar:7.8.0]
	at org.testng.internal.invokers.TestInvoker.invokeMethod(TestInvoker.java:577) ~[org.testng_7.8.0.r202306071539.jar:7.8.0]
	at org.testng.internal.invokers.TestInvoker.invokeTestMethod(TestInvoker.java:227) ~[org.testng_7.8.0.r202306071539.jar:7.8.0]
	at org.testng.internal.invokers.MethodRunner.runInSequence(MethodRunner.java:50) ~[org.testng_7.8.0.r202306071539.jar:7.8.0]
	at org.testng.internal.invokers.TestInvoker$MethodInvocationAgent.invoke(TestInvoker.java:957) ~[org.testng_7.8.0.r202306071539.jar:7.8.0]
	at org.testng.internal.invokers.TestInvoker.invokeTestMethods(TestInvoker.java:200) ~[org.testng_7.8.0.r202306071539.jar:7.8.0]
	at org.testng.internal.invokers.TestMethodWorker.invokeTestMethods(TestMethodWorker.java:148) ~[org.testng_7.8.0.r202306071539.jar:7.8.0]
	at org.testng.internal.invokers.TestMethodWorker.run(TestMethodWorker.java:128) ~[org.testng_7.8.0.r202306071539.jar:7.8.0]
	at java.util.ArrayList.forEach(ArrayList.java:1511) ~[?:?]
	at org.testng.TestRunner.privateRun(TestRunner.java:848) ~[org.testng_7.8.0.r202306071539.jar:7.8.0]
	at org.testng.TestRunner.run(TestRunner.java:621) ~[org.testng_7.8.0.r202306071539.jar:7.8.0]
	at org.testng.SuiteRunner.runTest(SuiteRunner.java:443) ~[org.testng_7.8.0.r202306071539.jar:7.8.0]
	at org.testng.SuiteRunner.runSequentially(SuiteRunner.java:437) ~[org.testng_7.8.0.r202306071539.jar:7.8.0]
	at org.testng.SuiteRunner.privateRun(SuiteRunner.java:397) ~[org.testng_7.8.0.r202306071539.jar:7.8.0]
	at org.testng.SuiteRunner.run(SuiteRunner.java:336) ~[org.testng_7.8.0.r202306071539.jar:7.8.0]
	at org.testng.SuiteRunnerWorker.runSuite(SuiteRunnerWorker.java:52) ~[org.testng_7.8.0.r202306071539.jar:7.8.0]
	at org.testng.SuiteRunnerWorker.run(SuiteRunnerWorker.java:95) ~[org.testng_7.8.0.r202306071539.jar:7.8.0]
	at org.testng.TestNG.runSuitesSequentially(TestNG.java:1280) ~[org.testng_7.8.0.r202306071539.jar:7.8.0]
	at org.testng.TestNG.runSuitesLocally(TestNG.java:1200) ~[org.testng_7.8.0.r202306071539.jar:7.8.0]
	at org.testng.TestNG.runSuites(TestNG.java:1114) ~[org.testng_7.8.0.r202306071539.jar:7.8.0]
	at org.testng.TestNG.run(TestNG.java:1082) ~[org.testng_7.8.0.r202306071539.jar:7.8.0]
	at org.testng.remote.AbstractRemoteTestNG.run(AbstractRemoteTestNG.java:115) ~[testng-remote.jar:?]
	at org.testng.remote.RemoteTestNG.initAndRun(RemoteTestNG.java:251) ~[testng-remote.jar:?]
	at org.testng.remote.RemoteTestNG.main(RemoteTestNG.java:77) ~[testng-remote.jar:?]
[DEBUG] 2024-02-02 12:52:35.984 [main] PlatformDependent0 - java.nio.Bits.unaligned: available, true
[DEBUG] 2024-02-02 12:52:35.990 [main] PlatformDependent0 - jdk.internal.misc.Unsafe.allocateUninitializedArray(int): unavailable
java.lang.IllegalAccessException: class io.netty.util.internal.PlatformDependent0$7 cannot access class jdk.internal.misc.Unsafe (in module java.base) because module java.base does not export jdk.internal.misc to unnamed module @6477463f
	at jdk.internal.reflect.Reflection.newIllegalAccessException(Reflection.java:392) ~[?:?]
	at java.lang.reflect.AccessibleObject.checkAccess(AccessibleObject.java:674) ~[?:?]
	at java.lang.reflect.Method.invoke(Method.java:560) ~[?:?]
	at io.netty.util.internal.PlatformDependent0$7.run(PlatformDependent0.java:410) ~[netty-common-4.1.92.Final.jar:4.1.92.Final]
	at java.security.AccessController.doPrivileged(AccessController.java:318) ~[?:?]
	at io.netty.util.internal.PlatformDependent0.<clinit>(PlatformDependent0.java:401) ~[netty-common-4.1.92.Final.jar:4.1.92.Final]
	at io.netty.util.internal.PlatformDependent.isAndroid(PlatformDependent.java:333) ~[netty-common-4.1.92.Final.jar:4.1.92.Final]
	at io.netty.util.internal.PlatformDependent.<clinit>(PlatformDependent.java:88) ~[netty-common-4.1.92.Final.jar:4.1.92.Final]
	at io.netty.util.HashedWheelTimer.<init>(HashedWheelTimer.java:114) ~[netty-common-4.1.92.Final.jar:4.1.92.Final]
	at io.netty.util.HashedWheelTimer.<init>(HashedWheelTimer.java:251) ~[netty-common-4.1.92.Final.jar:4.1.92.Final]
	at io.netty.util.HashedWheelTimer.<init>(HashedWheelTimer.java:224) ~[netty-common-4.1.92.Final.jar:4.1.92.Final]
	at io.netty.util.HashedWheelTimer.<init>(HashedWheelTimer.java:203) ~[netty-common-4.1.92.Final.jar:4.1.92.Final]
	at org.asynchttpclient.DefaultAsyncHttpClient.newNettyTimer(DefaultAsyncHttpClient.java:111) ~[async-http-client-2.12.3.jar:?]
	at org.asynchttpclient.DefaultAsyncHttpClient.<init>(DefaultAsyncHttpClient.java:90) ~[async-http-client-2.12.3.jar:?]
	at org.asynchttpclient.Dsl.asyncHttpClient(Dsl.java:32) ~[async-http-client-2.12.3.jar:?]
	at org.openqa.selenium.remote.http.netty.NettyClient.createHttpClient(NettyClient.java:91) ~[selenium-remote-driver-4.11.0.jar:?]
	at org.openqa.selenium.remote.http.netty.NettyClient.<clinit>(NettyClient.java:43) ~[selenium-remote-driver-4.11.0.jar:?]
	at org.openqa.selenium.remote.http.netty.NettyClient$Factory.createClient(NettyClient.java:124) ~[selenium-remote-driver-4.11.0.jar:?]
	at org.openqa.selenium.remote.HttpCommandExecutor.<init>(HttpCommandExecutor.java:115) ~[selenium-remote-driver-4.11.0.jar:?]
	at org.openqa.selenium.remote.HttpCommandExecutor.<init>(HttpCommandExecutor.java:92) ~[selenium-remote-driver-4.11.0.jar:?]
	at org.openqa.selenium.remote.service.DriverCommandExecutor.<init>(DriverCommandExecutor.java:89) ~[selenium-remote-driver-4.11.0.jar:?]
	at org.openqa.selenium.chromium.ChromiumDriverCommandExecutor.<init>(ChromiumDriverCommandExecutor.java:43) ~[selenium-chromium-driver-4.11.0.jar:?]
	at org.openqa.selenium.chrome.ChromeDriver$ChromeDriverCommandExecutor.<init>(ChromeDriver.java:115) ~[selenium-chrome-driver-4.11.0.jar:?]
	at org.openqa.selenium.chrome.ChromeDriver.generateExecutor(ChromeDriver.java:105) ~[selenium-chrome-driver-4.11.0.jar:?]
	at org.openqa.selenium.chrome.ChromeDriver.<init>(ChromeDriver.java:88) ~[selenium-chrome-driver-4.11.0.jar:?]
	at org.openqa.selenium.chrome.ChromeDriver.<init>(ChromeDriver.java:83) ~[selenium-chrome-driver-4.11.0.jar:?]
	at org.openqa.selenium.chrome.ChromeDriver.<init>(ChromeDriver.java:51) ~[selenium-chrome-driver-4.11.0.jar:?]
	at com.obs.base.BasePage.launch(BasePage.java:61) ~[classes/:?]
	at jdk.internal.reflect.NativeMethodAccessorImpl.invoke0(Native Method) ~[?:?]
	at jdk.internal.reflect.NativeMethodAccessorImpl.invoke(NativeMethodAccessorImpl.java:77) ~[?:?]
	at jdk.internal.reflect.DelegatingMethodAccessorImpl.invoke(DelegatingMethodAccessorImpl.java:43) ~[?:?]
	at java.lang.reflect.Method.invoke(Method.java:568) ~[?:?]
	at org.testng.internal.invokers.MethodInvocationHelper.invokeMethod(MethodInvocationHelper.java:139) ~[org.testng_7.8.0.r202306071539.jar:7.8.0]
	at org.testng.internal.invokers.MethodInvocationHelper.invokeMethodConsideringTimeout(MethodInvocationHelper.java:69) ~[org.testng_7.8.0.r202306071539.jar:7.8.0]
	at org.testng.internal.invokers.ConfigInvoker.invokeConfigurationMethod(ConfigInvoker.java:390) ~[org.testng_7.8.0.r202306071539.jar:7.8.0]
	at org.testng.internal.invokers.ConfigInvoker.invokeConfigurations(ConfigInvoker.java:325) ~[org.testng_7.8.0.r202306071539.jar:7.8.0]
	at org.testng.internal.invokers.TestInvoker.runConfigMethods(TestInvoker.java:810) ~[org.testng_7.8.0.r202306071539.jar:7.8.0]
	at org.testng.internal.invokers.TestInvoker.invokeMethod(TestInvoker.java:577) ~[org.testng_7.8.0.r202306071539.jar:7.8.0]
	at org.testng.internal.invokers.TestInvoker.invokeTestMethod(TestInvoker.java:227) ~[org.testng_7.8.0.r202306071539.jar:7.8.0]
	at org.testng.internal.invokers.MethodRunner.runInSequence(MethodRunner.java:50) ~[org.testng_7.8.0.r202306071539.jar:7.8.0]
	at org.testng.internal.invokers.TestInvoker$MethodInvocationAgent.invoke(TestInvoker.java:957) ~[org.testng_7.8.0.r202306071539.jar:7.8.0]
	at org.testng.internal.invokers.TestInvoker.invokeTestMethods(TestInvoker.java:200) ~[org.testng_7.8.0.r202306071539.jar:7.8.0]
	at org.testng.internal.invokers.TestMethodWorker.invokeTestMethods(TestMethodWorker.java:148) ~[org.testng_7.8.0.r202306071539.jar:7.8.0]
	at org.testng.internal.invokers.TestMethodWorker.run(TestMethodWorker.java:128) ~[org.testng_7.8.0.r202306071539.jar:7.8.0]
	at java.util.ArrayList.forEach(ArrayList.java:1511) ~[?:?]
	at org.testng.TestRunner.privateRun(TestRunner.java:848) ~[org.testng_7.8.0.r202306071539.jar:7.8.0]
	at org.testng.TestRunner.run(TestRunner.java:621) ~[org.testng_7.8.0.r202306071539.jar:7.8.0]
	at org.testng.SuiteRunner.runTest(SuiteRunner.java:443) ~[org.testng_7.8.0.r202306071539.jar:7.8.0]
	at org.testng.SuiteRunner.runSequentially(SuiteRunner.java:437) ~[org.testng_7.8.0.r202306071539.jar:7.8.0]
	at org.testng.SuiteRunner.privateRun(SuiteRunner.java:397) ~[org.testng_7.8.0.r202306071539.jar:7.8.0]
	at org.testng.SuiteRunner.run(SuiteRunner.java:336) ~[org.testng_7.8.0.r202306071539.jar:7.8.0]
	at org.testng.SuiteRunnerWorker.runSuite(SuiteRunnerWorker.java:52) ~[org.testng_7.8.0.r202306071539.jar:7.8.0]
	at org.testng.SuiteRunnerWorker.run(SuiteRunnerWorker.java:95) ~[org.testng_7.8.0.r202306071539.jar:7.8.0]
	at org.testng.TestNG.runSuitesSequentially(TestNG.java:1280) ~[org.testng_7.8.0.r202306071539.jar:7.8.0]
	at org.testng.TestNG.runSuitesLocally(TestNG.java:1200) ~[org.testng_7.8.0.r202306071539.jar:7.8.0]
	at org.testng.TestNG.runSuites(TestNG.java:1114) ~[org.testng_7.8.0.r202306071539.jar:7.8.0]
	at org.testng.TestNG.run(TestNG.java:1082) ~[org.testng_7.8.0.r202306071539.jar:7.8.0]
	at org.testng.remote.AbstractRemoteTestNG.run(AbstractRemoteTestNG.java:115) ~[testng-remote.jar:?]
	at org.testng.remote.RemoteTestNG.initAndRun(RemoteTestNG.java:251) ~[testng-remote.jar:?]
	at org.testng.remote.RemoteTestNG.main(RemoteTestNG.java:77) ~[testng-remote.jar:?]
[DEBUG] 2024-02-02 12:52:35.994 [main] PlatformDependent0 - java.nio.DirectByteBuffer.<init>(long, int): unavailable
[DEBUG] 2024-02-02 12:52:35.995 [main] PlatformDependent - sun.misc.Unsafe: available
[DEBUG] 2024-02-02 12:52:35.996 [main] PlatformDependent - maxDirectMemory: 2080374784 bytes (maybe)
[DEBUG] 2024-02-02 12:52:35.996 [main] PlatformDependent - -Dio.netty.tmpdir: C:\Users\ADMIN\AppData\Local\Temp (java.io.tmpdir)
[DEBUG] 2024-02-02 12:52:35.997 [main] PlatformDependent - -Dio.netty.bitMode: 64 (sun.arch.data.model)
[DEBUG] 2024-02-02 12:52:35.999 [main] PlatformDependent - Platform: Windows
[DEBUG] 2024-02-02 12:52:36.001 [main] PlatformDependent - -Dio.netty.maxDirectMemory: -1 bytes
[DEBUG] 2024-02-02 12:52:36.001 [main] PlatformDependent - -Dio.netty.uninitializedArrayAllocationThreshold: -1
[DEBUG] 2024-02-02 12:52:36.003 [main] CleanerJava9 - java.nio.ByteBuffer.cleaner(): available
[DEBUG] 2024-02-02 12:52:36.004 [main] PlatformDependent - -Dio.netty.noPreferDirect: false
[DEBUG] 2024-02-02 12:52:36.016 [main] PlatformDependent - org.jctools-core.MpscChunkedArrayQueue: available
[DEBUG] 2024-02-02 12:52:36.048 [main] InternalThreadLocalMap - -Dio.netty.threadLocalMap.stringBuilder.initialSize: 1024
[DEBUG] 2024-02-02 12:52:36.048 [main] InternalThreadLocalMap - -Dio.netty.threadLocalMap.stringBuilder.maxSize: 4096
[DEBUG] 2024-02-02 12:52:36.274 [main] JdkSslContext - Default protocols (JDK): [TLSv1.3, TLSv1.2] 
[DEBUG] 2024-02-02 12:52:36.275 [main] JdkSslContext - Default cipher suites (JDK): [TLS_ECDHE_ECDSA_WITH_AES_256_GCM_SHA384, TLS_ECDHE_ECDSA_WITH_AES_128_GCM_SHA256, TLS_ECDHE_RSA_WITH_AES_128_GCM_SHA256, TLS_ECDHE_RSA_WITH_AES_256_GCM_SHA384, TLS_ECDHE_RSA_WITH_AES_128_CBC_SHA, TLS_ECDHE_RSA_WITH_AES_256_CBC_SHA, TLS_RSA_WITH_AES_128_GCM_SHA256, TLS_RSA_WITH_AES_128_CBC_SHA, TLS_RSA_WITH_AES_256_CBC_SHA, TLS_AES_128_GCM_SHA256, TLS_AES_256_GCM_SHA384]
[DEBUG] 2024-02-02 12:52:36.290 [main] GlobalEventExecutor - -Dio.netty.globalEventExecutor.quietPeriodSeconds: 1
[DEBUG] 2024-02-02 12:52:36.303 [main] MultithreadEventLoopGroup - -Dio.netty.eventLoopThreads: 8
[DEBUG] 2024-02-02 12:52:36.314 [main] NioEventLoop - -Dio.netty.noKeySetOptimization: false
[DEBUG] 2024-02-02 12:52:36.314 [main] NioEventLoop - -Dio.netty.selectorAutoRebuildThreshold: 512
[TRACE] 2024-02-02 12:52:36.330 [main] NioEventLoop - instrumented a special java.util.Set into: sun.nio.ch.WEPollSelectorImpl@4ed38226
[TRACE] 2024-02-02 12:52:36.333 [main] NioEventLoop - instrumented a special java.util.Set into: sun.nio.ch.WEPollSelectorImpl@5fb7183b
[TRACE] 2024-02-02 12:52:36.336 [main] NioEventLoop - instrumented a special java.util.Set into: sun.nio.ch.WEPollSelectorImpl@476a736d
[TRACE] 2024-02-02 12:52:36.340 [main] NioEventLoop - instrumented a special java.util.Set into: sun.nio.ch.WEPollSelectorImpl@5f80fa43
[TRACE] 2024-02-02 12:52:36.343 [main] NioEventLoop - instrumented a special java.util.Set into: sun.nio.ch.WEPollSelectorImpl@16c8b7bd
[TRACE] 2024-02-02 12:52:36.345 [main] NioEventLoop - instrumented a special java.util.Set into: sun.nio.ch.WEPollSelectorImpl@7159139f
[TRACE] 2024-02-02 12:52:36.348 [main] NioEventLoop - instrumented a special java.util.Set into: sun.nio.ch.WEPollSelectorImpl@65bcf7c2
[TRACE] 2024-02-02 12:52:36.350 [main] NioEventLoop - instrumented a special java.util.Set into: sun.nio.ch.WEPollSelectorImpl@3db64bd4
[DEBUG] 2024-02-02 12:52:36.377 [main] PooledByteBufAllocator - -Dio.netty.allocator.numHeapArenas: 8
[DEBUG] 2024-02-02 12:52:36.378 [main] PooledByteBufAllocator - -Dio.netty.allocator.numDirectArenas: 8
[DEBUG] 2024-02-02 12:52:36.378 [main] PooledByteBufAllocator - -Dio.netty.allocator.pageSize: 8192
[DEBUG] 2024-02-02 12:52:36.380 [main] PooledByteBufAllocator - -Dio.netty.allocator.maxOrder: 9
[DEBUG] 2024-02-02 12:52:36.380 [main] PooledByteBufAllocator - -Dio.netty.allocator.chunkSize: 4194304
[DEBUG] 2024-02-02 12:52:36.381 [main] PooledByteBufAllocator - -Dio.netty.allocator.smallCacheSize: 256
[DEBUG] 2024-02-02 12:52:36.381 [main] PooledByteBufAllocator - -Dio.netty.allocator.normalCacheSize: 64
[DEBUG] 2024-02-02 12:52:36.382 [main] PooledByteBufAllocator - -Dio.netty.allocator.maxCachedBufferCapacity: 32768
[DEBUG] 2024-02-02 12:52:36.390 [main] PooledByteBufAllocator - -Dio.netty.allocator.cacheTrimInterval: 8192
[DEBUG] 2024-02-02 12:52:36.390 [main] PooledByteBufAllocator - -Dio.netty.allocator.cacheTrimIntervalMillis: 0
[DEBUG] 2024-02-02 12:52:36.391 [main] PooledByteBufAllocator - -Dio.netty.allocator.useCacheForAllThreads: false
[DEBUG] 2024-02-02 12:52:36.393 [main] PooledByteBufAllocator - -Dio.netty.allocator.maxCachedByteBuffersPerChunk: 1023
[DEBUG] 2024-02-02 12:52:36.412 [main] ByteBufUtil - -Dio.netty.allocator.type: pooled
[DEBUG] 2024-02-02 12:52:36.413 [main] ByteBufUtil - -Dio.netty.threadLocalDirectBufferSize: 0
[DEBUG] 2024-02-02 12:52:36.413 [main] ByteBufUtil - -Dio.netty.maxThreadLocalCharBufferSize: 16384
[DEBUG] 2024-02-02 12:52:36.699 [Forwarding newSession on session null to remote] DefaultChannelId - -Dio.netty.processId: 6160 (auto-detected)
[DEBUG] 2024-02-02 12:52:36.703 [Forwarding newSession on session null to remote] NetUtil - -Djava.net.preferIPv4Stack: false
[DEBUG] 2024-02-02 12:52:36.703 [Forwarding newSession on session null to remote] NetUtil - -Djava.net.preferIPv6Addresses: false
[DEBUG] 2024-02-02 12:52:36.720 [Forwarding newSession on session null to remote] NetUtilInitializations - Loopback interface: lo (Software Loopback Interface 1, 127.0.0.1)
[DEBUG] 2024-02-02 12:52:36.724 [Forwarding newSession on session null to remote] NetUtil - Failed to get SOMAXCONN from sysctl and file \proc\sys\net\core\somaxconn. Default: 200
[DEBUG] 2024-02-02 12:52:36.737 [Forwarding newSession on session null to remote] DefaultChannelId - -Dio.netty.machineId: c4:75:ab:ff:fe:6d:06:28 (auto-detected)
[DEBUG] 2024-02-02 12:52:36.794 [AsyncHttpClient-1-2] AbstractByteBuf - -Dio.netty.buffer.checkAccessible: true
[DEBUG] 2024-02-02 12:52:36.795 [AsyncHttpClient-1-2] AbstractByteBuf - -Dio.netty.buffer.checkBounds: true
[DEBUG] 2024-02-02 12:52:36.795 [AsyncHttpClient-1-2] ResourceLeakDetectorFactory - Loaded default ResourceLeakDetector: io.netty.util.ResourceLeakDetector@48343715
[DEBUG] 2024-02-02 12:52:36.821 [AsyncHttpClient-1-2] Recycler - -Dio.netty.recycler.maxCapacityPerThread: 4096
[DEBUG] 2024-02-02 12:52:36.822 [AsyncHttpClient-1-2] Recycler - -Dio.netty.recycler.ratio: 8
[DEBUG] 2024-02-02 12:52:36.822 [AsyncHttpClient-1-2] Recycler - -Dio.netty.recycler.chunkSize: 32
[DEBUG] 2024-02-02 12:52:36.822 [AsyncHttpClient-1-2] Recycler - -Dio.netty.recycler.blocking: false
[DEBUG] 2024-02-02 12:52:36.823 [AsyncHttpClient-1-2] Recycler - -Dio.netty.recycler.batchFastThreadLocalOnly: true
[DEBUG] 2024-02-02 12:52:37.699 [AsyncHttpClient-1-2] Brotli - brotli4j not in the classpath; Brotli support will be unavailable.
[DEBUG] 2024-02-02 12:52:37.920 [main] ThreadLocalRandom - -Dio.netty.initialSeedUniquifier: 0x4d5580babbce8700
[TRACE] 2024-02-02 12:52:38.224 [AsyncHttpClient-1-4] WebSocket08FrameEncoder - Encoding WebSocket Frame opCode=8 length=26
[TRACE] 2024-02-02 12:52:38.229 [AsyncHttpClient-1-4] WebSocket08FrameDecoder - Decoding WebSocket Frame opCode=8
[TRACE] 2024-02-02 12:52:38.229 [AsyncHttpClient-1-4] WebSocket08FrameDecoder - Decoding WebSocket Frame length=2
[TRACE] 2024-02-02 12:52:39.983 [AsyncHttpClient-1-7] WebSocket08FrameEncoder - Encoding WebSocket Frame opCode=8 length=26
[TRACE] 2024-02-02 12:52:39.989 [AsyncHttpClient-1-7] WebSocket08FrameDecoder - Decoding WebSocket Frame opCode=8
[TRACE] 2024-02-02 12:52:39.989 [AsyncHttpClient-1-7] WebSocket08FrameDecoder - Decoding WebSocket Frame length=2
[TRACE] 2024-02-02 12:52:41.581 [AsyncHttpClient-1-2] WebSocket08FrameEncoder - Encoding WebSocket Frame opCode=8 length=26
[TRACE] 2024-02-02 12:52:41.582 [AsyncHttpClient-1-2] WebSocket08FrameDecoder - Decoding WebSocket Frame opCode=8
[TRACE] 2024-02-02 12:52:41.582 [AsyncHttpClient-1-2] WebSocket08FrameDecoder - Decoding WebSocket Frame length=2
[DEBUG] 2024-02-02 12:56:03.000 [main] InternalLoggerFactory - Using Log4J2 as the default logging framework
[DEBUG] 2024-02-02 12:56:03.010 [main] ResourceLeakDetector - -Dio.netty.leakDetection.level: simple
[DEBUG] 2024-02-02 12:56:03.010 [main] ResourceLeakDetector - -Dio.netty.leakDetection.targetRecords: 4
[DEBUG] 2024-02-02 12:56:03.016 [main] ResourceLeakDetectorFactory - Loaded default ResourceLeakDetector: io.netty.util.ResourceLeakDetector@53dad875
[DEBUG] 2024-02-02 12:56:03.034 [main] PlatformDependent0 - -Dio.netty.noUnsafe: false
[DEBUG] 2024-02-02 12:56:03.034 [main] PlatformDependent0 - Java version: 17
[DEBUG] 2024-02-02 12:56:03.036 [main] PlatformDependent0 - sun.misc.Unsafe.theUnsafe: available
[DEBUG] 2024-02-02 12:56:03.038 [main] PlatformDependent0 - sun.misc.Unsafe.copyMemory: available
[DEBUG] 2024-02-02 12:56:03.039 [main] PlatformDependent0 - sun.misc.Unsafe.storeFence: available
[DEBUG] 2024-02-02 12:56:03.040 [main] PlatformDependent0 - java.nio.Buffer.address: available
[DEBUG] 2024-02-02 12:56:03.041 [main] PlatformDependent0 - direct buffer constructor: unavailable
java.lang.UnsupportedOperationException: Reflective setAccessible(true) disabled
	at io.netty.util.internal.ReflectionUtil.trySetAccessible(ReflectionUtil.java:31) ~[netty-common-4.1.92.Final.jar:4.1.92.Final]
	at io.netty.util.internal.PlatformDependent0$5.run(PlatformDependent0.java:288) ~[netty-common-4.1.92.Final.jar:4.1.92.Final]
	at java.security.AccessController.doPrivileged(AccessController.java:318) ~[?:?]
	at io.netty.util.internal.PlatformDependent0.<clinit>(PlatformDependent0.java:282) ~[netty-common-4.1.92.Final.jar:4.1.92.Final]
	at io.netty.util.internal.PlatformDependent.isAndroid(PlatformDependent.java:333) ~[netty-common-4.1.92.Final.jar:4.1.92.Final]
	at io.netty.util.internal.PlatformDependent.<clinit>(PlatformDependent.java:88) ~[netty-common-4.1.92.Final.jar:4.1.92.Final]
	at io.netty.util.HashedWheelTimer.<init>(HashedWheelTimer.java:114) ~[netty-common-4.1.92.Final.jar:4.1.92.Final]
	at io.netty.util.HashedWheelTimer.<init>(HashedWheelTimer.java:251) ~[netty-common-4.1.92.Final.jar:4.1.92.Final]
	at io.netty.util.HashedWheelTimer.<init>(HashedWheelTimer.java:224) ~[netty-common-4.1.92.Final.jar:4.1.92.Final]
	at io.netty.util.HashedWheelTimer.<init>(HashedWheelTimer.java:203) ~[netty-common-4.1.92.Final.jar:4.1.92.Final]
	at org.asynchttpclient.DefaultAsyncHttpClient.newNettyTimer(DefaultAsyncHttpClient.java:111) ~[async-http-client-2.12.3.jar:?]
	at org.asynchttpclient.DefaultAsyncHttpClient.<init>(DefaultAsyncHttpClient.java:90) ~[async-http-client-2.12.3.jar:?]
	at org.asynchttpclient.Dsl.asyncHttpClient(Dsl.java:32) ~[async-http-client-2.12.3.jar:?]
	at org.openqa.selenium.remote.http.netty.NettyClient.createHttpClient(NettyClient.java:91) ~[selenium-remote-driver-4.11.0.jar:?]
	at org.openqa.selenium.remote.http.netty.NettyClient.<clinit>(NettyClient.java:43) ~[selenium-remote-driver-4.11.0.jar:?]
	at org.openqa.selenium.remote.http.netty.NettyClient$Factory.createClient(NettyClient.java:124) ~[selenium-remote-driver-4.11.0.jar:?]
	at org.openqa.selenium.remote.HttpCommandExecutor.<init>(HttpCommandExecutor.java:115) ~[selenium-remote-driver-4.11.0.jar:?]
	at org.openqa.selenium.remote.HttpCommandExecutor.<init>(HttpCommandExecutor.java:92) ~[selenium-remote-driver-4.11.0.jar:?]
	at org.openqa.selenium.remote.service.DriverCommandExecutor.<init>(DriverCommandExecutor.java:89) ~[selenium-remote-driver-4.11.0.jar:?]
	at org.openqa.selenium.chromium.ChromiumDriverCommandExecutor.<init>(ChromiumDriverCommandExecutor.java:43) ~[selenium-chromium-driver-4.11.0.jar:?]
	at org.openqa.selenium.chrome.ChromeDriver$ChromeDriverCommandExecutor.<init>(ChromeDriver.java:115) ~[selenium-chrome-driver-4.11.0.jar:?]
	at org.openqa.selenium.chrome.ChromeDriver.generateExecutor(ChromeDriver.java:105) ~[selenium-chrome-driver-4.11.0.jar:?]
	at org.openqa.selenium.chrome.ChromeDriver.<init>(ChromeDriver.java:88) ~[selenium-chrome-driver-4.11.0.jar:?]
	at org.openqa.selenium.chrome.ChromeDriver.<init>(ChromeDriver.java:83) ~[selenium-chrome-driver-4.11.0.jar:?]
	at org.openqa.selenium.chrome.ChromeDriver.<init>(ChromeDriver.java:51) ~[selenium-chrome-driver-4.11.0.jar:?]
	at com.obs.base.BasePage.launch(BasePage.java:72) ~[classes/:?]
	at jdk.internal.reflect.NativeMethodAccessorImpl.invoke0(Native Method) ~[?:?]
	at jdk.internal.reflect.NativeMethodAccessorImpl.invoke(NativeMethodAccessorImpl.java:77) ~[?:?]
	at jdk.internal.reflect.DelegatingMethodAccessorImpl.invoke(DelegatingMethodAccessorImpl.java:43) ~[?:?]
	at java.lang.reflect.Method.invoke(Method.java:568) ~[?:?]
	at org.testng.internal.invokers.MethodInvocationHelper.invokeMethod(MethodInvocationHelper.java:139) ~[org.testng_7.8.0.r202306071539.jar:7.8.0]
	at org.testng.internal.invokers.MethodInvocationHelper.invokeMethodConsideringTimeout(MethodInvocationHelper.java:69) ~[org.testng_7.8.0.r202306071539.jar:7.8.0]
	at org.testng.internal.invokers.ConfigInvoker.invokeConfigurationMethod(ConfigInvoker.java:390) ~[org.testng_7.8.0.r202306071539.jar:7.8.0]
	at org.testng.internal.invokers.ConfigInvoker.invokeConfigurations(ConfigInvoker.java:325) ~[org.testng_7.8.0.r202306071539.jar:7.8.0]
	at org.testng.internal.invokers.TestInvoker.runConfigMethods(TestInvoker.java:810) ~[org.testng_7.8.0.r202306071539.jar:7.8.0]
	at org.testng.internal.invokers.TestInvoker.invokeMethod(TestInvoker.java:577) ~[org.testng_7.8.0.r202306071539.jar:7.8.0]
	at org.testng.internal.invokers.TestInvoker.invokeTestMethod(TestInvoker.java:227) ~[org.testng_7.8.0.r202306071539.jar:7.8.0]
	at org.testng.internal.invokers.MethodRunner.runInSequence(MethodRunner.java:50) ~[org.testng_7.8.0.r202306071539.jar:7.8.0]
	at org.testng.internal.invokers.TestInvoker$MethodInvocationAgent.invoke(TestInvoker.java:957) ~[org.testng_7.8.0.r202306071539.jar:7.8.0]
	at org.testng.internal.invokers.TestInvoker.invokeTestMethods(TestInvoker.java:200) ~[org.testng_7.8.0.r202306071539.jar:7.8.0]
	at org.testng.internal.invokers.TestMethodWorker.invokeTestMethods(TestMethodWorker.java:148) ~[org.testng_7.8.0.r202306071539.jar:7.8.0]
	at org.testng.internal.invokers.TestMethodWorker.run(TestMethodWorker.java:128) ~[org.testng_7.8.0.r202306071539.jar:7.8.0]
	at java.util.ArrayList.forEach(ArrayList.java:1511) ~[?:?]
	at org.testng.TestRunner.privateRun(TestRunner.java:848) ~[org.testng_7.8.0.r202306071539.jar:7.8.0]
	at org.testng.TestRunner.run(TestRunner.java:621) ~[org.testng_7.8.0.r202306071539.jar:7.8.0]
	at org.testng.SuiteRunner.runTest(SuiteRunner.java:443) ~[org.testng_7.8.0.r202306071539.jar:7.8.0]
	at org.testng.SuiteRunner.runSequentially(SuiteRunner.java:437) ~[org.testng_7.8.0.r202306071539.jar:7.8.0]
	at org.testng.SuiteRunner.privateRun(SuiteRunner.java:397) ~[org.testng_7.8.0.r202306071539.jar:7.8.0]
	at org.testng.SuiteRunner.run(SuiteRunner.java:336) ~[org.testng_7.8.0.r202306071539.jar:7.8.0]
	at org.testng.SuiteRunnerWorker.runSuite(SuiteRunnerWorker.java:52) ~[org.testng_7.8.0.r202306071539.jar:7.8.0]
	at org.testng.SuiteRunnerWorker.run(SuiteRunnerWorker.java:95) ~[org.testng_7.8.0.r202306071539.jar:7.8.0]
	at org.testng.TestNG.runSuitesSequentially(TestNG.java:1280) ~[org.testng_7.8.0.r202306071539.jar:7.8.0]
	at org.testng.TestNG.runSuitesLocally(TestNG.java:1200) ~[org.testng_7.8.0.r202306071539.jar:7.8.0]
	at org.testng.TestNG.runSuites(TestNG.java:1114) ~[org.testng_7.8.0.r202306071539.jar:7.8.0]
	at org.testng.TestNG.run(TestNG.java:1082) ~[org.testng_7.8.0.r202306071539.jar:7.8.0]
	at org.testng.remote.AbstractRemoteTestNG.run(AbstractRemoteTestNG.java:115) ~[testng-remote.jar:?]
	at org.testng.remote.RemoteTestNG.initAndRun(RemoteTestNG.java:251) ~[testng-remote.jar:?]
	at org.testng.remote.RemoteTestNG.main(RemoteTestNG.java:77) ~[testng-remote.jar:?]
[DEBUG] 2024-02-02 12:56:03.052 [main] PlatformDependent0 - java.nio.Bits.unaligned: available, true
[DEBUG] 2024-02-02 12:56:03.054 [main] PlatformDependent0 - jdk.internal.misc.Unsafe.allocateUninitializedArray(int): unavailable
java.lang.IllegalAccessException: class io.netty.util.internal.PlatformDependent0$7 cannot access class jdk.internal.misc.Unsafe (in module java.base) because module java.base does not export jdk.internal.misc to unnamed module @6477463f
	at jdk.internal.reflect.Reflection.newIllegalAccessException(Reflection.java:392) ~[?:?]
	at java.lang.reflect.AccessibleObject.checkAccess(AccessibleObject.java:674) ~[?:?]
	at java.lang.reflect.Method.invoke(Method.java:560) ~[?:?]
	at io.netty.util.internal.PlatformDependent0$7.run(PlatformDependent0.java:410) ~[netty-common-4.1.92.Final.jar:4.1.92.Final]
	at java.security.AccessController.doPrivileged(AccessController.java:318) ~[?:?]
	at io.netty.util.internal.PlatformDependent0.<clinit>(PlatformDependent0.java:401) ~[netty-common-4.1.92.Final.jar:4.1.92.Final]
	at io.netty.util.internal.PlatformDependent.isAndroid(PlatformDependent.java:333) ~[netty-common-4.1.92.Final.jar:4.1.92.Final]
	at io.netty.util.internal.PlatformDependent.<clinit>(PlatformDependent.java:88) ~[netty-common-4.1.92.Final.jar:4.1.92.Final]
	at io.netty.util.HashedWheelTimer.<init>(HashedWheelTimer.java:114) ~[netty-common-4.1.92.Final.jar:4.1.92.Final]
	at io.netty.util.HashedWheelTimer.<init>(HashedWheelTimer.java:251) ~[netty-common-4.1.92.Final.jar:4.1.92.Final]
	at io.netty.util.HashedWheelTimer.<init>(HashedWheelTimer.java:224) ~[netty-common-4.1.92.Final.jar:4.1.92.Final]
	at io.netty.util.HashedWheelTimer.<init>(HashedWheelTimer.java:203) ~[netty-common-4.1.92.Final.jar:4.1.92.Final]
	at org.asynchttpclient.DefaultAsyncHttpClient.newNettyTimer(DefaultAsyncHttpClient.java:111) ~[async-http-client-2.12.3.jar:?]
	at org.asynchttpclient.DefaultAsyncHttpClient.<init>(DefaultAsyncHttpClient.java:90) ~[async-http-client-2.12.3.jar:?]
	at org.asynchttpclient.Dsl.asyncHttpClient(Dsl.java:32) ~[async-http-client-2.12.3.jar:?]
	at org.openqa.selenium.remote.http.netty.NettyClient.createHttpClient(NettyClient.java:91) ~[selenium-remote-driver-4.11.0.jar:?]
	at org.openqa.selenium.remote.http.netty.NettyClient.<clinit>(NettyClient.java:43) ~[selenium-remote-driver-4.11.0.jar:?]
	at org.openqa.selenium.remote.http.netty.NettyClient$Factory.createClient(NettyClient.java:124) ~[selenium-remote-driver-4.11.0.jar:?]
	at org.openqa.selenium.remote.HttpCommandExecutor.<init>(HttpCommandExecutor.java:115) ~[selenium-remote-driver-4.11.0.jar:?]
	at org.openqa.selenium.remote.HttpCommandExecutor.<init>(HttpCommandExecutor.java:92) ~[selenium-remote-driver-4.11.0.jar:?]
	at org.openqa.selenium.remote.service.DriverCommandExecutor.<init>(DriverCommandExecutor.java:89) ~[selenium-remote-driver-4.11.0.jar:?]
	at org.openqa.selenium.chromium.ChromiumDriverCommandExecutor.<init>(ChromiumDriverCommandExecutor.java:43) ~[selenium-chromium-driver-4.11.0.jar:?]
	at org.openqa.selenium.chrome.ChromeDriver$ChromeDriverCommandExecutor.<init>(ChromeDriver.java:115) ~[selenium-chrome-driver-4.11.0.jar:?]
	at org.openqa.selenium.chrome.ChromeDriver.generateExecutor(ChromeDriver.java:105) ~[selenium-chrome-driver-4.11.0.jar:?]
	at org.openqa.selenium.chrome.ChromeDriver.<init>(ChromeDriver.java:88) ~[selenium-chrome-driver-4.11.0.jar:?]
	at org.openqa.selenium.chrome.ChromeDriver.<init>(ChromeDriver.java:83) ~[selenium-chrome-driver-4.11.0.jar:?]
	at org.openqa.selenium.chrome.ChromeDriver.<init>(ChromeDriver.java:51) ~[selenium-chrome-driver-4.11.0.jar:?]
	at com.obs.base.BasePage.launch(BasePage.java:72) ~[classes/:?]
	at jdk.internal.reflect.NativeMethodAccessorImpl.invoke0(Native Method) ~[?:?]
	at jdk.internal.reflect.NativeMethodAccessorImpl.invoke(NativeMethodAccessorImpl.java:77) ~[?:?]
	at jdk.internal.reflect.DelegatingMethodAccessorImpl.invoke(DelegatingMethodAccessorImpl.java:43) ~[?:?]
	at java.lang.reflect.Method.invoke(Method.java:568) ~[?:?]
	at org.testng.internal.invokers.MethodInvocationHelper.invokeMethod(MethodInvocationHelper.java:139) ~[org.testng_7.8.0.r202306071539.jar:7.8.0]
	at org.testng.internal.invokers.MethodInvocationHelper.invokeMethodConsideringTimeout(MethodInvocationHelper.java:69) ~[org.testng_7.8.0.r202306071539.jar:7.8.0]
	at org.testng.internal.invokers.ConfigInvoker.invokeConfigurationMethod(ConfigInvoker.java:390) ~[org.testng_7.8.0.r202306071539.jar:7.8.0]
	at org.testng.internal.invokers.ConfigInvoker.invokeConfigurations(ConfigInvoker.java:325) ~[org.testng_7.8.0.r202306071539.jar:7.8.0]
	at org.testng.internal.invokers.TestInvoker.runConfigMethods(TestInvoker.java:810) ~[org.testng_7.8.0.r202306071539.jar:7.8.0]
	at org.testng.internal.invokers.TestInvoker.invokeMethod(TestInvoker.java:577) ~[org.testng_7.8.0.r202306071539.jar:7.8.0]
	at org.testng.internal.invokers.TestInvoker.invokeTestMethod(TestInvoker.java:227) ~[org.testng_7.8.0.r202306071539.jar:7.8.0]
	at org.testng.internal.invokers.MethodRunner.runInSequence(MethodRunner.java:50) ~[org.testng_7.8.0.r202306071539.jar:7.8.0]
	at org.testng.internal.invokers.TestInvoker$MethodInvocationAgent.invoke(TestInvoker.java:957) ~[org.testng_7.8.0.r202306071539.jar:7.8.0]
	at org.testng.internal.invokers.TestInvoker.invokeTestMethods(TestInvoker.java:200) ~[org.testng_7.8.0.r202306071539.jar:7.8.0]
	at org.testng.internal.invokers.TestMethodWorker.invokeTestMethods(TestMethodWorker.java:148) ~[org.testng_7.8.0.r202306071539.jar:7.8.0]
	at org.testng.internal.invokers.TestMethodWorker.run(TestMethodWorker.java:128) ~[org.testng_7.8.0.r202306071539.jar:7.8.0]
	at java.util.ArrayList.forEach(ArrayList.java:1511) ~[?:?]
	at org.testng.TestRunner.privateRun(TestRunner.java:848) ~[org.testng_7.8.0.r202306071539.jar:7.8.0]
	at org.testng.TestRunner.run(TestRunner.java:621) ~[org.testng_7.8.0.r202306071539.jar:7.8.0]
	at org.testng.SuiteRunner.runTest(SuiteRunner.java:443) ~[org.testng_7.8.0.r202306071539.jar:7.8.0]
	at org.testng.SuiteRunner.runSequentially(SuiteRunner.java:437) ~[org.testng_7.8.0.r202306071539.jar:7.8.0]
	at org.testng.SuiteRunner.privateRun(SuiteRunner.java:397) ~[org.testng_7.8.0.r202306071539.jar:7.8.0]
	at org.testng.SuiteRunner.run(SuiteRunner.java:336) ~[org.testng_7.8.0.r202306071539.jar:7.8.0]
	at org.testng.SuiteRunnerWorker.runSuite(SuiteRunnerWorker.java:52) ~[org.testng_7.8.0.r202306071539.jar:7.8.0]
	at org.testng.SuiteRunnerWorker.run(SuiteRunnerWorker.java:95) ~[org.testng_7.8.0.r202306071539.jar:7.8.0]
	at org.testng.TestNG.runSuitesSequentially(TestNG.java:1280) ~[org.testng_7.8.0.r202306071539.jar:7.8.0]
	at org.testng.TestNG.runSuitesLocally(TestNG.java:1200) ~[org.testng_7.8.0.r202306071539.jar:7.8.0]
	at org.testng.TestNG.runSuites(TestNG.java:1114) ~[org.testng_7.8.0.r202306071539.jar:7.8.0]
	at org.testng.TestNG.run(TestNG.java:1082) ~[org.testng_7.8.0.r202306071539.jar:7.8.0]
	at org.testng.remote.AbstractRemoteTestNG.run(AbstractRemoteTestNG.java:115) ~[testng-remote.jar:?]
	at org.testng.remote.RemoteTestNG.initAndRun(RemoteTestNG.java:251) ~[testng-remote.jar:?]
	at org.testng.remote.RemoteTestNG.main(RemoteTestNG.java:77) ~[testng-remote.jar:?]
[DEBUG] 2024-02-02 12:56:03.059 [main] PlatformDependent0 - java.nio.DirectByteBuffer.<init>(long, int): unavailable
[DEBUG] 2024-02-02 12:56:03.059 [main] PlatformDependent - sun.misc.Unsafe: available
[DEBUG] 2024-02-02 12:56:03.062 [main] PlatformDependent - maxDirectMemory: 2080374784 bytes (maybe)
[DEBUG] 2024-02-02 12:56:03.063 [main] PlatformDependent - -Dio.netty.tmpdir: C:\Users\ADMIN\AppData\Local\Temp (java.io.tmpdir)
[DEBUG] 2024-02-02 12:56:03.065 [main] PlatformDependent - -Dio.netty.bitMode: 64 (sun.arch.data.model)
[DEBUG] 2024-02-02 12:56:03.066 [main] PlatformDependent - Platform: Windows
[DEBUG] 2024-02-02 12:56:03.067 [main] PlatformDependent - -Dio.netty.maxDirectMemory: -1 bytes
[DEBUG] 2024-02-02 12:56:03.068 [main] PlatformDependent - -Dio.netty.uninitializedArrayAllocationThreshold: -1
[DEBUG] 2024-02-02 12:56:03.070 [main] CleanerJava9 - java.nio.ByteBuffer.cleaner(): available
[DEBUG] 2024-02-02 12:56:03.071 [main] PlatformDependent - -Dio.netty.noPreferDirect: false
[DEBUG] 2024-02-02 12:56:03.085 [main] PlatformDependent - org.jctools-core.MpscChunkedArrayQueue: available
[DEBUG] 2024-02-02 12:56:03.116 [main] InternalThreadLocalMap - -Dio.netty.threadLocalMap.stringBuilder.initialSize: 1024
[DEBUG] 2024-02-02 12:56:03.117 [main] InternalThreadLocalMap - -Dio.netty.threadLocalMap.stringBuilder.maxSize: 4096
[DEBUG] 2024-02-02 12:56:03.141 [main] JdkSslContext - Default protocols (JDK): [TLSv1.3, TLSv1.2] 
[DEBUG] 2024-02-02 12:56:03.141 [main] JdkSslContext - Default cipher suites (JDK): [TLS_ECDHE_ECDSA_WITH_AES_256_GCM_SHA384, TLS_ECDHE_ECDSA_WITH_AES_128_GCM_SHA256, TLS_ECDHE_RSA_WITH_AES_128_GCM_SHA256, TLS_ECDHE_RSA_WITH_AES_256_GCM_SHA384, TLS_ECDHE_RSA_WITH_AES_128_CBC_SHA, TLS_ECDHE_RSA_WITH_AES_256_CBC_SHA, TLS_RSA_WITH_AES_128_GCM_SHA256, TLS_RSA_WITH_AES_128_CBC_SHA, TLS_RSA_WITH_AES_256_CBC_SHA, TLS_AES_128_GCM_SHA256, TLS_AES_256_GCM_SHA384]
[DEBUG] 2024-02-02 12:56:03.158 [main] GlobalEventExecutor - -Dio.netty.globalEventExecutor.quietPeriodSeconds: 1
[DEBUG] 2024-02-02 12:56:03.181 [main] MultithreadEventLoopGroup - -Dio.netty.eventLoopThreads: 8
[DEBUG] 2024-02-02 12:56:03.195 [main] NioEventLoop - -Dio.netty.noKeySetOptimization: false
[DEBUG] 2024-02-02 12:56:03.195 [main] NioEventLoop - -Dio.netty.selectorAutoRebuildThreshold: 512
[TRACE] 2024-02-02 12:56:03.209 [main] NioEventLoop - instrumented a special java.util.Set into: sun.nio.ch.WEPollSelectorImpl@55a88417
[TRACE] 2024-02-02 12:56:03.213 [main] NioEventLoop - instrumented a special java.util.Set into: sun.nio.ch.WEPollSelectorImpl@19962194
[TRACE] 2024-02-02 12:56:03.216 [main] NioEventLoop - instrumented a special java.util.Set into: sun.nio.ch.WEPollSelectorImpl@481e91b6
[TRACE] 2024-02-02 12:56:03.219 [main] NioEventLoop - instrumented a special java.util.Set into: sun.nio.ch.WEPollSelectorImpl@7c8f9c2e
[TRACE] 2024-02-02 12:56:03.221 [main] NioEventLoop - instrumented a special java.util.Set into: sun.nio.ch.WEPollSelectorImpl@140d1230
[TRACE] 2024-02-02 12:56:03.223 [main] NioEventLoop - instrumented a special java.util.Set into: sun.nio.ch.WEPollSelectorImpl@3cbf1ba4
[TRACE] 2024-02-02 12:56:03.226 [main] NioEventLoop - instrumented a special java.util.Set into: sun.nio.ch.WEPollSelectorImpl@10bea4
[TRACE] 2024-02-02 12:56:03.229 [main] NioEventLoop - instrumented a special java.util.Set into: sun.nio.ch.WEPollSelectorImpl@7e2c64
[DEBUG] 2024-02-02 12:56:03.263 [main] PooledByteBufAllocator - -Dio.netty.allocator.numHeapArenas: 8
[DEBUG] 2024-02-02 12:56:03.263 [main] PooledByteBufAllocator - -Dio.netty.allocator.numDirectArenas: 8
[DEBUG] 2024-02-02 12:56:03.263 [main] PooledByteBufAllocator - -Dio.netty.allocator.pageSize: 8192
[DEBUG] 2024-02-02 12:56:03.265 [main] PooledByteBufAllocator - -Dio.netty.allocator.maxOrder: 9
[DEBUG] 2024-02-02 12:56:03.265 [main] PooledByteBufAllocator - -Dio.netty.allocator.chunkSize: 4194304
[DEBUG] 2024-02-02 12:56:03.265 [main] PooledByteBufAllocator - -Dio.netty.allocator.smallCacheSize: 256
[DEBUG] 2024-02-02 12:56:03.266 [main] PooledByteBufAllocator - -Dio.netty.allocator.normalCacheSize: 64
[DEBUG] 2024-02-02 12:56:03.266 [main] PooledByteBufAllocator - -Dio.netty.allocator.maxCachedBufferCapacity: 32768
[DEBUG] 2024-02-02 12:56:03.266 [main] PooledByteBufAllocator - -Dio.netty.allocator.cacheTrimInterval: 8192
[DEBUG] 2024-02-02 12:56:03.266 [main] PooledByteBufAllocator - -Dio.netty.allocator.cacheTrimIntervalMillis: 0
[DEBUG] 2024-02-02 12:56:03.267 [main] PooledByteBufAllocator - -Dio.netty.allocator.useCacheForAllThreads: false
[DEBUG] 2024-02-02 12:56:03.267 [main] PooledByteBufAllocator - -Dio.netty.allocator.maxCachedByteBuffersPerChunk: 1023
[DEBUG] 2024-02-02 12:56:03.287 [main] ByteBufUtil - -Dio.netty.allocator.type: pooled
[DEBUG] 2024-02-02 12:56:03.287 [main] ByteBufUtil - -Dio.netty.threadLocalDirectBufferSize: 0
[DEBUG] 2024-02-02 12:56:03.292 [main] ByteBufUtil - -Dio.netty.maxThreadLocalCharBufferSize: 16384
[DEBUG] 2024-02-02 12:56:03.654 [Forwarding newSession on session null to remote] DefaultChannelId - -Dio.netty.processId: 5548 (auto-detected)
[DEBUG] 2024-02-02 12:56:03.660 [Forwarding newSession on session null to remote] NetUtil - -Djava.net.preferIPv4Stack: false
[DEBUG] 2024-02-02 12:56:03.660 [Forwarding newSession on session null to remote] NetUtil - -Djava.net.preferIPv6Addresses: false
[DEBUG] 2024-02-02 12:56:03.676 [Forwarding newSession on session null to remote] NetUtilInitializations - Loopback interface: lo (Software Loopback Interface 1, 127.0.0.1)
[DEBUG] 2024-02-02 12:56:03.678 [Forwarding newSession on session null to remote] NetUtil - Failed to get SOMAXCONN from sysctl and file \proc\sys\net\core\somaxconn. Default: 200
[DEBUG] 2024-02-02 12:56:03.696 [Forwarding newSession on session null to remote] DefaultChannelId - -Dio.netty.machineId: c4:75:ab:ff:fe:6d:06:28 (auto-detected)
[DEBUG] 2024-02-02 12:56:03.750 [AsyncHttpClient-1-2] AbstractByteBuf - -Dio.netty.buffer.checkAccessible: true
[DEBUG] 2024-02-02 12:56:03.751 [AsyncHttpClient-1-2] AbstractByteBuf - -Dio.netty.buffer.checkBounds: true
[DEBUG] 2024-02-02 12:56:03.752 [AsyncHttpClient-1-2] ResourceLeakDetectorFactory - Loaded default ResourceLeakDetector: io.netty.util.ResourceLeakDetector@21ea3375
[DEBUG] 2024-02-02 12:56:03.781 [AsyncHttpClient-1-2] Recycler - -Dio.netty.recycler.maxCapacityPerThread: 4096
[DEBUG] 2024-02-02 12:56:03.781 [AsyncHttpClient-1-2] Recycler - -Dio.netty.recycler.ratio: 8
[DEBUG] 2024-02-02 12:56:03.781 [AsyncHttpClient-1-2] Recycler - -Dio.netty.recycler.chunkSize: 32
[DEBUG] 2024-02-02 12:56:03.781 [AsyncHttpClient-1-2] Recycler - -Dio.netty.recycler.blocking: false
[DEBUG] 2024-02-02 12:56:03.781 [AsyncHttpClient-1-2] Recycler - -Dio.netty.recycler.batchFastThreadLocalOnly: true
[DEBUG] 2024-02-02 12:56:04.755 [AsyncHttpClient-1-2] Brotli - brotli4j not in the classpath; Brotli support will be unavailable.
[INFO ] 2024-02-14 16:44:06.941 [main] AdminLoginPage - Verifying open admin user login
[INFO ] 2024-02-14 16:44:08.282 [main] AdminLoginPage - Verifying admin user login
[INFO ] 2024-02-14 16:45:47.655 [main] AdminLoginPage - Verifying open admin user login
[INFO ] 2024-02-14 16:45:48.094 [main] AdminLoginPage - Verifying admin user login
[INFO ] 2024-02-14 21:01:24.325 [main] AdminLoginPage - Verifying open admin user login
[INFO ] 2024-02-14 21:01:25.562 [main] AdminLoginPage - Verifying admin user login
[INFO ] 2024-02-14 21:28:39.688 [main] AdminLoginPage - Verifying open admin user login
[INFO ] 2024-02-14 21:28:40.424 [main] AdminLoginPage - Verifying admin user login
[INFO ] 2024-02-14 22:28:06.732 [main] AdminLoginPage - Verifying open admin user login
[INFO ] 2024-02-14 22:28:07.266 [main] AdminLoginPage - Verifying admin user login
[INFO ] 2024-02-14 22:28:08.207 [main] AdminHomePage - Home page is displayed successfully
[INFO ] 2024-02-14 22:29:14.491 [main] AdminLoginPage - Verifying open admin user login
[INFO ] 2024-02-14 22:29:14.913 [main] AdminLoginPage - Verifying admin user login
[INFO ] 2024-02-14 22:29:15.845 [main] AdminHomePage - Home page is displayed successfully
[INFO ] 2024-02-14 22:29:22.460 [main] AdminLoginPage - Verifying open admin user login
[INFO ] 2024-02-14 22:29:22.931 [main] AdminLoginPage - Verifying admin user login
[INFO ] 2024-02-14 22:29:23.715 [main] AdminHomePage - Home page is displayed successfully
[INFO ] 2024-02-14 22:29:30.889 [main] AdminLoginPage - Verifying gotoWebSite Link
[INFO ] 2024-02-14 22:29:52.864 [main] AdminLoginPage - Verifying open admin user login
[INFO ] 2024-02-14 22:29:53.277 [main] AdminLoginPage - Verifying admin user login
[INFO ] 2024-02-14 22:29:54.135 [main] AdminHomePage - Home page is displayed successfully
[INFO ] 2024-02-14 22:30:06.647 [main] AdminLoginPage - Verifying gotoWebSite Link
[INFO ] 2024-02-15 09:52:39.491 [main] AdminLoginPage - Verifying open admin user login
[INFO ] 2024-02-15 09:52:40.774 [main] AdminLoginPage - Verifying admin user login
[INFO ] 2024-02-15 09:52:41.691 [main] AdminHomePage - Home page is displayed successfully
[INFO ] 2024-02-15 09:52:48.266 [main] AdminLoginPage - Verifying open admin user login
[INFO ] 2024-02-15 09:52:49.035 [main] AdminLoginPage - Verifying admin user login
[INFO ] 2024-02-15 09:52:49.782 [main] AdminHomePage - Home page is displayed successfully
[INFO ] 2024-02-15 09:52:56.706 [main] AdminLoginPage - Verifying gotoWebSite Link
[INFO ] 2024-02-15 09:53:18.476 [main] AdminLoginPage - Verifying open admin user login
[INFO ] 2024-02-15 09:53:19.075 [main] AdminLoginPage - Verifying admin user login
[INFO ] 2024-02-15 09:53:20.011 [main] AdminHomePage - Home page is displayed successfully
[INFO ] 2024-02-15 09:53:31.663 [main] AdminLoginPage - Verifying gotoWebSite Link
[INFO ] 2024-02-15 10:12:17.231 [main] AdminLoginPage - Verifying open admin user login
[INFO ] 2024-02-15 10:12:17.699 [main] AdminLoginPage - Verifying admin user login
[INFO ] 2024-02-15 10:12:18.409 [main] AdminHomePage - Home page is displayed successfully
[INFO ] 2024-02-15 10:12:24.830 [main] AdminLoginPage - Verifying open admin user login
[INFO ] 2024-02-15 10:12:25.291 [main] AdminLoginPage - Verifying admin user login
[INFO ] 2024-02-15 10:12:25.940 [main] AdminHomePage - Home page is displayed successfully
[INFO ] 2024-02-15 10:12:32.425 [main] AdminLoginPage - Verifying gotoWebSite Link
[INFO ] 2024-02-15 10:12:47.599 [main] AdminLoginPage - Verifying open admin user login
[INFO ] 2024-02-15 10:12:48.134 [main] AdminLoginPage - Verifying admin user login
[INFO ] 2024-02-15 10:12:48.780 [main] AdminHomePage - Home page is displayed successfully
[INFO ] 2024-02-15 10:12:59.943 [main] AdminLoginPage - Verifying gotoWebSite Link
[INFO ] 2024-02-15 10:18:49.981 [main] AdminLoginPage - Verifying open admin user login
[INFO ] 2024-02-15 10:18:50.406 [main] AdminLoginPage - Verifying admin user login
[INFO ] 2024-02-15 10:18:51.110 [main] AdminHomePage - Home page is displayed successfully
[INFO ] 2024-02-15 10:18:57.520 [main] AdminLoginPage - Verifying open admin user login
[INFO ] 2024-02-15 10:18:57.894 [main] AdminLoginPage - Verifying admin user login
[INFO ] 2024-02-15 10:18:58.608 [main] AdminHomePage - Home page is displayed successfully
[INFO ] 2024-02-15 10:19:05.073 [main] AdminLoginPage - Verifying gotoWebSite Link
[INFO ] 2024-02-15 10:19:08.841 [main] UserHomePage - User Home page is displayed successfully
[INFO ] 2024-02-15 10:19:10.213 [main] AdminLoginPage - Verifying open admin user login
[INFO ] 2024-02-15 10:19:10.573 [main] AdminLoginPage - Verifying admin user login
[INFO ] 2024-02-15 10:19:11.267 [main] AdminHomePage - Home page is displayed successfully
[INFO ] 2024-02-15 10:19:22.392 [main] AdminLoginPage - Verifying gotoWebSite Link
[INFO ] 2024-02-15 10:19:26.175 [main] UserHomePage - User Home page is displayed successfully
[INFO ] 2024-02-15 10:19:26.213 [main] UserHomePage - Deposit is not working
[INFO ] 2024-02-15 10:25:53.196 [main] AdminLoginPage - Verifying open admin user login
[INFO ] 2024-02-15 10:25:54.136 [main] AdminLoginPage - Verifying admin user login
[INFO ] 2024-02-15 10:25:54.901 [main] AdminHomePage - Home page is displayed successfully
[INFO ] 2024-02-15 10:26:05.869 [main] AdminLoginPage - Verifying gotoWebSite Link
[INFO ] 2024-02-15 10:26:37.796 [main] UserHomePage - User Home page is displayed successfully
[INFO ] 2024-02-15 10:28:54.724 [main] UserHomePage - Verified deposit happened  successfully
[INFO ] 2024-02-15 10:31:04.411 [main] AdminLoginPage - Verifying open admin user login
[INFO ] 2024-02-15 10:31:04.878 [main] AdminLoginPage - Verifying admin user login
[INFO ] 2024-02-15 10:31:05.669 [main] AdminHomePage - Home page is displayed successfully
[INFO ] 2024-02-15 10:31:16.688 [main] AdminLoginPage - Verifying gotoWebSite Link
[INFO ] 2024-02-15 10:31:20.490 [main] UserHomePage - User Home page is displayed successfully
[INFO ] 2024-02-15 10:31:20.517 [main] UserHomePage - Verified deposit happened  successfully
[INFO ] 2024-02-15 10:52:40.826 [main] AdminLoginPage - Verifying open admin user login
[INFO ] 2024-02-15 10:52:41.606 [main] AdminLoginPage - Verifying admin user login
[INFO ] 2024-02-15 10:52:42.354 [main] AdminHomePage - Home page is displayed successfully
[INFO ] 2024-02-15 10:52:53.426 [main] AdminLoginPage - Verifying gotoWebSite Link
[INFO ] 2024-02-15 10:52:57.241 [main] UserHomePage - User Home page is displayed successfully
[INFO ] 2024-02-15 10:52:57.289 [main] UserHomePage - Verified deposit happened  successfully
[INFO ] 2024-02-15 10:53:23.787 [main] AdminLoginPage - Verifying open admin user login
[INFO ] 2024-02-15 10:53:24.338 [main] AdminLoginPage - Verifying admin user login
[INFO ] 2024-02-15 10:53:25.118 [main] AdminHomePage - Home page is displayed successfully
[INFO ] 2024-02-15 10:53:36.224 [main] AdminLoginPage - Verifying gotoWebSite Link
[INFO ] 2024-02-15 10:53:40.082 [main] UserHomePage - User Home page is displayed successfully
[INFO ] 2024-02-15 10:53:40.127 [main] UserHomePage - Verified deposit happened  successfully
[INFO ] 2024-02-15 11:00:48.167 [main] AdminLoginPage - Verifying open admin user login
[INFO ] 2024-02-15 11:00:48.653 [main] AdminLoginPage - Verifying admin user login
[INFO ] 2024-02-15 11:00:49.380 [main] AdminHomePage - Home page is displayed successfully
[INFO ] 2024-02-15 11:01:00.496 [main] AdminLoginPage - Verifying gotoWebSite Link
[INFO ] 2024-02-15 11:01:04.562 [main] UserHomePage - User Home page is displayed successfully
[INFO ] 2024-02-15 11:01:04.587 [main] UserHomePage - Verified deposit happened  successfully
[INFO ] 2024-02-15 11:02:40.312 [main] AdminLoginPage - Verifying open admin user login
[INFO ] 2024-02-15 11:02:40.972 [main] AdminLoginPage - Verifying admin user login
[INFO ] 2024-02-15 11:02:41.684 [main] AdminHomePage - Home page is displayed successfully
[INFO ] 2024-02-15 11:02:52.772 [main] AdminLoginPage - Verifying gotoWebSite Link
[INFO ] 2024-02-15 11:03:22.575 [main] UserHomePage - User Home page is displayed successfully
[INFO ] 2024-02-15 11:06:12.158 [main] UserHomePage - Verified deposit happened  successfully
[INFO ] 2024-02-15 11:07:54.184 [main] AdminLoginPage - Verifying open admin user login
[INFO ] 2024-02-15 11:07:54.538 [main] AdminLoginPage - Verifying admin user login
[INFO ] 2024-02-15 11:07:55.280 [main] AdminHomePage - Home page is displayed successfully
[INFO ] 2024-02-15 11:08:06.457 [main] AdminLoginPage - Verifying gotoWebSite Link
[INFO ] 2024-02-15 11:08:10.208 [main] UserHomePage - User Home page is displayed successfully
[INFO ] 2024-02-15 11:08:10.250 [main] UserHomePage - Verified deposit happened  successfully
[INFO ] 2024-02-15 11:10:45.994 [main] AdminLoginPage - Verifying open admin user login
[INFO ] 2024-02-15 11:10:46.865 [main] AdminLoginPage - Verifying admin user login
[INFO ] 2024-02-15 11:10:47.504 [main] AdminHomePage - Home page is displayed successfully
[INFO ] 2024-02-15 11:10:53.839 [main] AdminLoginPage - Verifying open admin user login
[INFO ] 2024-02-15 11:10:54.290 [main] AdminLoginPage - Verifying admin user login
[INFO ] 2024-02-15 11:10:55.053 [main] AdminHomePage - Home page is displayed successfully
[INFO ] 2024-02-15 11:11:01.504 [main] AdminLoginPage - Verifying gotoWebSite Link
[INFO ] 2024-02-15 11:11:05.362 [main] UserHomePage - User Home page is displayed successfully
[INFO ] 2024-02-15 11:11:06.684 [main] AdminLoginPage - Verifying open admin user login
[INFO ] 2024-02-15 11:11:07.108 [main] AdminLoginPage - Verifying admin user login
[INFO ] 2024-02-15 11:11:07.741 [main] AdminHomePage - Home page is displayed successfully
[INFO ] 2024-02-15 11:11:19.156 [main] AdminLoginPage - Verifying gotoWebSite Link
[INFO ] 2024-02-15 11:11:23.011 [main] UserHomePage - User Home page is displayed successfully
[INFO ] 2024-02-15 11:11:23.037 [main] UserHomePage - Verified deposit happened  successfully
[INFO ] 2024-02-16 11:43:52.463 [main] AdminLoginPage - Verifying open admin user login
[INFO ] 2024-02-16 11:43:53.349 [main] AdminLoginPage - Verifying admin user login
[INFO ] 2024-02-16 11:43:54.514 [main] AdminHomePage - Home page is displayed successfully
[INFO ] 2024-02-16 11:44:01.626 [main] AdminLoginPage - Verifying open admin user login
[INFO ] 2024-02-16 11:44:02.221 [main] AdminLoginPage - Verifying admin user login
[INFO ] 2024-02-16 11:44:03.108 [main] AdminHomePage - Home page is displayed successfully
[INFO ] 2024-02-16 11:44:10.472 [main] AdminLoginPage - Verifying gotoWebSite Link
[INFO ] 2024-02-16 11:44:14.505 [main] UserHomePage - User Home page is displayed successfully
[INFO ] 2024-02-16 11:44:16.277 [main] AdminLoginPage - Verifying open admin user login
[INFO ] 2024-02-16 11:44:16.716 [main] AdminLoginPage - Verifying admin user login
[INFO ] 2024-02-16 11:44:17.522 [main] AdminHomePage - Home page is displayed successfully
[INFO ] 2024-02-16 11:44:29.328 [main] AdminLoginPage - Verifying gotoWebSite Link
[INFO ] 2024-02-16 11:44:33.349 [main] UserHomePage - User Home page is displayed successfully
[INFO ] 2024-02-16 11:44:33.386 [main] UserHomePage - Verified deposit happened  successfully
[INFO ] 2024-02-16 11:45:58.529 [main] AdminLoginPage - Verifying open admin user login
[INFO ] 2024-02-16 11:45:59.002 [main] AdminLoginPage - Verifying admin user login
[INFO ] 2024-02-16 11:46:00.081 [main] AdminHomePage - Home page is displayed successfully
[INFO ] 2024-02-16 11:46:07.011 [main] AdminLoginPage - Verifying open admin user login
[INFO ] 2024-02-16 11:46:07.621 [main] AdminLoginPage - Verifying admin user login
[INFO ] 2024-02-16 11:46:08.567 [main] AdminHomePage - Home page is displayed successfully
[INFO ] 2024-02-16 11:46:15.995 [main] AdminLoginPage - Verifying gotoWebSite Link
[INFO ] 2024-02-16 11:46:20.785 [main] UserHomePage - User Home page is displayed successfully
[INFO ] 2024-02-16 11:46:23.523 [main] AdminLoginPage - Verifying open admin user login
[INFO ] 2024-02-16 11:46:24.038 [main] AdminLoginPage - Verifying admin user login
[INFO ] 2024-02-16 11:46:24.924 [main] AdminHomePage - Home page is displayed successfully
[INFO ] 2024-02-16 11:46:36.637 [main] AdminLoginPage - Verifying gotoWebSite Link
[INFO ] 2024-02-16 11:46:40.670 [main] UserHomePage - User Home page is displayed successfully
[INFO ] 2024-02-16 11:51:40.890 [main] AdminLoginPage - Verifying open admin user login
[INFO ] 2024-02-16 11:51:41.765 [main] AdminLoginPage - Verifying admin user login
[INFO ] 2024-02-16 11:51:43.152 [main] AdminHomePage - Home page is displayed successfully
[INFO ] 2024-02-16 11:51:51.142 [main] AdminLoginPage - Verifying open admin user login
[INFO ] 2024-02-16 11:51:51.763 [main] AdminLoginPage - Verifying admin user login
[INFO ] 2024-02-16 11:51:52.722 [main] AdminHomePage - Home page is displayed successfully
[INFO ] 2024-02-16 11:51:59.855 [main] AdminLoginPage - Verifying gotoWebSite Link
[INFO ] 2024-02-16 11:52:04.039 [main] UserHomePage - User Home page is displayed successfully
[INFO ] 2024-02-16 11:52:05.777 [main] AdminLoginPage - Verifying open admin user login
[INFO ] 2024-02-16 11:52:06.270 [main] AdminLoginPage - Verifying admin user login
[INFO ] 2024-02-16 11:52:07.205 [main] AdminHomePage - Home page is displayed successfully
[INFO ] 2024-02-16 11:54:31.682 [main] AdminLoginPage - Verifying open admin user login
[INFO ] 2024-02-16 11:54:32.973 [main] AdminLoginPage - Verifying admin user login
[INFO ] 2024-02-16 11:54:33.945 [main] AdminHomePage - Home page is displayed successfully
[INFO ] 2024-02-16 18:04:11.973 [main] AdminLoginPage - Verifying open admin user login
[INFO ] 2024-02-16 18:04:12.202 [main] AdminLoginPage - Verifying admin user login
[INFO ] 2024-02-16 18:04:13.995 [main] AdminHomePage - Home page is displayed successfully
[INFO ] 2024-02-16 18:06:50.428 [main] AdminLoginPage - Verifying open admin user login
[INFO ] 2024-02-16 18:06:50.869 [main] AdminLoginPage - Verifying admin user login
[INFO ] 2024-02-16 18:06:51.919 [main] AdminHomePage - Home page is displayed successfully
[INFO ] 2024-02-16 18:07:04.041 [main] AdminLoginPage - Verifying gotoWebSite Link
[INFO ] 2024-02-16 18:07:07.999 [main] UserHomePage - User Home page is displayed successfully
[INFO ] 2024-02-16 18:07:08.042 [main] UserHomePage - Verified deposit happened  successfully
[INFO ] 2024-02-16 18:08:59.353 [main] AdminLoginPage - Verifying open admin user login
[INFO ] 2024-02-16 18:08:59.792 [main] AdminLoginPage - Verifying admin user login
[INFO ] 2024-02-16 18:09:00.792 [main] AdminHomePage - Home page is displayed successfully
[INFO ] 2024-02-16 18:09:25.000 [main] AdminLoginPage - Verifying gotoWebSite Link
[INFO ] 2024-02-16 18:09:29.587 [main] UserHomePage - User Home page is displayed successfully
[INFO ] 2024-02-19 13:36:34.716 [main] AdminLoginPage - Verifying open admin user login
[INFO ] 2024-02-19 13:36:35.309 [main] AdminLoginPage - Verifying admin user login
[INFO ] 2024-02-19 13:36:36.322 [main] AdminHomePage - Home page is displayed successfully
[INFO ] 2024-02-19 13:36:48.422 [main] AdminLoginPage - Verifying gotoWebSite Link
[INFO ] 2024-02-19 13:36:52.448 [main] UserHomePage - User Home page is displayed successfully
[INFO ] 2024-02-19 13:36:52.495 [main] UserHomePage - Verified deposit happened  successfully
[INFO ] 2024-02-19 13:38:14.079 [main] AdminLoginPage - Verifying open admin user login
[INFO ] 2024-02-19 13:38:14.575 [main] AdminLoginPage - Verifying admin user login
[INFO ] 2024-02-19 13:38:15.515 [main] AdminHomePage - Home page is displayed successfully
[INFO ] 2024-02-19 13:38:27.472 [main] AdminLoginPage - Verifying gotoWebSite Link
[INFO ] 2024-02-19 13:38:31.332 [main] UserHomePage - User Home page is displayed successfully
[INFO ] 2024-02-19 13:38:31.387 [main] UserHomePage - Verified deposit happened  successfully
[INFO ] 2024-02-19 13:38:50.132 [main] AdminLoginPage - Verifying open admin user login
[INFO ] 2024-02-19 13:38:50.507 [main] AdminLoginPage - Verifying admin user login
[INFO ] 2024-02-19 13:38:51.355 [main] AdminHomePage - Home page is displayed successfully
[INFO ] 2024-02-19 13:40:20.642 [main] AdminLoginPage - Verifying gotoWebSite Link
